05/03/2021 17:29:39:23 - 1000-inicializacao - Inicio
05/03/2021 17:29:39:38 - 1000-inicializacao - Fim
05/03/2021 17:29:39:38 - 2000-processamento - Inicio
05/03/2021 17:29:39:38 - 2100-processa-cidade-csv - Inicio
05/03/2021 17:29:39:39 - 2100-processa-cidade-csv - Final
05/03/2021 17:29:39:39 - 2000-processamento - Fim
05/03/2021 17:29:39:39 - 3000-finalizacao - Inicio
05/03/2021 17:29:39:40 - 3000-finalizacao - Fim
05/03/2021 17:57:56:36 - 1000-inicializacao - Inicio
05/03/2021 17:57:56:74 - 1000-inicializacao - Fim
05/03/2021 17:57:56:74 - 2000-processamento - Inicio
05/03/2021 17:57:56:74 - 2100-processa-cidade-csv - Inicio
05/03/2021 17:57:56:74 - 2100-processa-cidade-csv - Final
05/03/2021 17:57:56:74 - 2000-processamento - Fim
05/03/2021 17:57:56:74 - 3000-finalizacao - Inicio
05/03/2021 17:57:56:75 - 3000-finalizacao - Fim
05/03/2021 17:59:16:08 - 1000-inicializacao - Inicio
05/03/2021 17:59:16:09 - 1000-inicializacao - Fim
05/03/2021 17:59:16:09 - 2000-processamento - Inicio
05/03/2021 17:59:16:09 - 2100-processa-cidade-csv - Inicio
05/03/2021 17:59:16:09 - 2100-processa-cidade-csv - Final
05/03/2021 17:59:16:09 - 2000-processamento - Fim
05/03/2021 17:59:16:10 - 3000-finalizacao - Inicio
05/03/2021 17:59:16:10 - 3000-finalizacao - Fim
05/03/2021 18:01:48:52 - 1000-inicializacao - Inicio
05/03/2021 18:01:48:53 - 1000-inicializacao - Fim
05/03/2021 18:01:48:53 - 2000-processamento - Inicio
05/03/2021 18:01:48:53 - 2100-processa-cidade-csv - Inicio
05/03/2021 18:01:48:54 - 2100-processa-cidade-csv - Final
05/03/2021 18:01:48:54 - 2000-processamento - Fim
05/03/2021 18:01:48:54 - 3000-finalizacao - Inicio
05/03/2021 18:01:48:55 - 3000-finalizacao - Fim
05/03/2021 18:04:23:72 - 1000-inicializacao - Inicio
05/03/2021 18:04:23:76 - 1000-inicializacao - Fim
05/03/2021 18:04:23:79 - 2000-processamento - Inicio
05/03/2021 18:04:23:80 - 2100-processa-cidade-csv - Inicio
05/03/2021 18:04:23:80 - 2100-processa-cidade-csv - Final
05/03/2021 18:04:23:81 - 2000-processamento - Fim
05/03/2021 18:04:23:82 - 3000-finalizacao - Inicio
05/03/2021 18:04:23:83 - 3000-finalizacao - Fim
05/03/2021 18:05:13:41 - 1000-inicializacao - Inicio
05/03/2021 18:05:13:43 - 1000-inicializacao - Fim
05/03/2021 18:05:13:43 - 2000-processamento - Inicio
05/03/2021 18:05:13:43 - 2100-processa-cidade-csv - Inicio
05/03/2021 18:05:13:43 - 2100-processa-cidade-csv - Final
05/03/2021 18:05:13:43 - 2000-processamento - Fim
05/03/2021 18:05:13:43 - 3000-finalizacao - Inicio
05/03/2021 18:05:13:44 - 3000-finalizacao - Fim
