2021-04-16 14:31:03 Buscando configurações diretório - PY003
2021-04-16 14:31:03 Diretório Extração: C:\Users\luiz.carlos\Desktop\Estudo\TCC\Dados\Extracao
2021-04-16 14:31:03 Diretório Tmp: C:\Users\luiz.carlos\Desktop\Estudo\TCC\Dados\Extracao\Temp
2021-04-16 14:31:03 Diretório Send: C:\Users\luiz.carlos\Desktop\Estudo\TCC\Dados\Extracao\Send
2021-04-16 14:31:03 Diretório Log: C:\Users\luiz.carlos\Desktop\Estudo\TCC\Dados\Extracao\Log
2021-04-16 14:31:03 Diretório Err: C:\Users\luiz.carlos\Desktop\Estudo\TCC\Dados\Extracao\Err
2021-04-16 14:31:03 Buscando configurações ciclo - PY003
2021-04-16 14:31:06 O programa entrara em sleep por 3segundos
2021-04-16 14:31:09 O programa entrara em sleep por 3segundos
2021-04-16 14:31:12 O programa entrara em sleep por 3segundos
2021-04-16 14:31:19 O programa entrara em sleep por 3segundos
2021-04-16 14:31:22 O programa entrara em sleep por 3segundos
2021-04-16 14:31:25 O programa entrara em sleep por 3segundos
2021-04-16 14:31:31 O programa entrara em sleep por 3segundos
2021-04-16 14:31:34 O programa entrara em sleep por 3segundos
2021-04-16 14:31:37 O programa entrara em sleep por 3segundos
2021-04-16 14:31:40 O programa entrara em sleep por 3segundos
2021-04-16 14:31:43 O programa entrara em sleep por 3segundos
2021-04-16 14:31:46 O programa entrara em sleep por 3segundos
2021-04-16 14:31:52 O programa entrara em sleep por 3segundos
2021-04-16 14:31:55 O programa entrara em sleep por 3segundos
2021-04-16 14:31:58 O programa entrara em sleep por 3segundos
2021-04-16 14:32:01 O programa entrara em sleep por 3segundos
2021-04-16 14:32:04 O programa entrara em sleep por 3segundos
2021-04-16 14:32:07 O programa entrara em sleep por 3segundos
2021-04-16 14:32:10 O programa entrara em sleep por 3segundos
2021-04-16 14:32:13 O programa entrara em sleep por 3segundos
2021-04-16 14:32:16 O programa entrara em sleep por 3segundos
2021-04-16 14:32:19 O programa entrara em sleep por 3segundos
2021-04-16 14:32:22 O programa entrara em sleep por 3segundos
