2021-04-16 21:25:48 Buscando configurações diretório - PY003
2021-04-16 21:25:48 Diretório Extração: C:\Users\luiz.carlos\Desktop\Estudo\TCC\Dados\Extracao
2021-04-16 21:25:48 Diretório Tmp: C:\Users\luiz.carlos\Desktop\Estudo\TCC\Dados\Extracao\Temp
2021-04-16 21:25:48 Diretório Send: C:\Users\luiz.carlos\Desktop\Estudo\TCC\Dados\Extracao\Send
2021-04-16 21:25:48 Diretório Log: C:\Users\luiz.carlos\Desktop\Estudo\TCC\Dados\Extracao\Log
2021-04-16 21:25:48 Diretório Err: C:\Users\luiz.carlos\Desktop\Estudo\TCC\Dados\Extracao\Err
2021-04-16 21:25:48 Buscando configurações ciclo - PY003
2021-04-16 21:25:48 O programa entrara em sleep por 3segundos
2021-04-16 21:25:51 O programa entrara em sleep por 3segundos
2021-04-16 21:25:54 O programa entrara em sleep por 3segundos
2021-04-16 21:25:57 O programa entrara em sleep por 3segundos
2021-04-16 21:26:00 O programa entrara em sleep por 3segundos
2021-04-16 21:26:03 O programa entrara em sleep por 3segundos
2021-04-16 21:26:06 O programa entrara em sleep por 3segundos
2021-04-16 21:26:09 O programa entrara em sleep por 3segundos
2021-04-16 21:26:12 O programa entrara em sleep por 3segundos
2021-04-16 21:26:15 O programa entrara em sleep por 3segundos
2021-04-16 21:26:18 O programa entrara em sleep por 3segundos
2021-04-16 21:26:21 O programa entrara em sleep por 3segundos
2021-04-16 21:26:28 O programa entrara em sleep por 3segundos
2021-04-16 21:26:31 O programa entrara em sleep por 3segundos
2021-04-16 21:26:34 O programa entrara em sleep por 3segundos
2021-04-16 21:26:37 O programa entrara em sleep por 3segundos
2021-04-16 21:26:40 O programa entrara em sleep por 3segundos
2021-04-16 21:26:43 O programa entrara em sleep por 3segundos
2021-04-16 21:26:46 O programa entrara em sleep por 3segundos
2021-04-16 21:26:49 O programa entrara em sleep por 3segundos
2021-04-16 21:26:52 O programa entrara em sleep por 3segundos
2021-04-16 21:26:55 O programa entrara em sleep por 3segundos
2021-04-16 21:26:58 O programa entrara em sleep por 3segundos
2021-04-16 21:27:01 O programa entrara em sleep por 3segundos
2021-04-16 21:27:04 O programa entrara em sleep por 3segundos
2021-04-16 21:27:07 O programa entrara em sleep por 3segundos
2021-04-16 21:27:10 O programa entrara em sleep por 3segundos
2021-04-16 21:27:13 O programa entrara em sleep por 3segundos
2021-04-16 21:27:16 O programa entrara em sleep por 3segundos
2021-04-16 21:27:19 O programa entrara em sleep por 3segundos
2021-04-16 21:27:22 O programa entrara em sleep por 3segundos
2021-04-16 21:27:25 O programa entrara em sleep por 3segundos
2021-04-16 21:27:28 O programa entrara em sleep por 3segundos
2021-04-16 21:27:31 O programa entrara em sleep por 3segundos
2021-04-16 21:27:34 O programa entrara em sleep por 3segundos
2021-04-16 21:27:37 O programa entrara em sleep por 3segundos
2021-04-16 21:27:40 O programa entrara em sleep por 3segundos
2021-04-16 21:27:43 O programa entrara em sleep por 3segundos
2021-04-16 21:27:46 O programa entrara em sleep por 3segundos
2021-04-16 21:27:49 O programa entrara em sleep por 3segundos
2021-04-16 21:27:52 O programa entrara em sleep por 3segundos
2021-04-16 21:27:55 O programa entrara em sleep por 3segundos
2021-04-16 21:27:58 O programa entrara em sleep por 3segundos
2021-04-16 21:28:01 O programa entrara em sleep por 3segundos
2021-04-16 21:28:04 O programa entrara em sleep por 3segundos
2021-04-16 21:28:09 O programa entrara em sleep por 3segundos
2021-04-16 21:28:12 O programa entrara em sleep por 3segundos
2021-04-16 21:28:15 O programa entrara em sleep por 3segundos
2021-04-16 21:28:18 O programa entrara em sleep por 3segundos
2021-04-16 21:28:21 O programa entrara em sleep por 3segundos
2021-04-16 21:28:24 O programa entrara em sleep por 3segundos
2021-04-16 21:28:27 O programa entrara em sleep por 3segundos
2021-04-16 21:28:32 O programa entrara em sleep por 3segundos
2021-04-16 21:28:35 O programa entrara em sleep por 3segundos
2021-04-16 21:28:38 O programa entrara em sleep por 3segundos
2021-04-16 21:28:41 O programa entrara em sleep por 3segundos
2021-04-16 21:28:44 O programa entrara em sleep por 3segundos
2021-04-16 21:28:47 O programa entrara em sleep por 3segundos
2021-04-16 21:28:50 O programa entrara em sleep por 3segundos
2021-04-16 21:28:58 O programa entrara em sleep por 3segundos
2021-04-16 21:29:01 O programa entrara em sleep por 3segundos
2021-04-16 21:29:04 O programa entrara em sleep por 3segundos
2021-04-16 21:29:07 O programa entrara em sleep por 3segundos
2021-04-16 21:29:10 O programa entrara em sleep por 3segundos
2021-04-16 21:29:13 O programa entrara em sleep por 3segundos
2021-04-16 21:29:16 O programa entrara em sleep por 3segundos
2021-04-16 21:29:19 O programa entrara em sleep por 3segundos
2021-04-16 21:29:22 O programa entrara em sleep por 3segundos
2021-04-16 21:29:25 O programa entrara em sleep por 3segundos
2021-04-16 21:29:28 O programa entrara em sleep por 3segundos
2021-04-16 21:29:32 O programa entrara em sleep por 3segundos
2021-04-16 21:29:35 O programa entrara em sleep por 3segundos
2021-04-16 21:29:38 O programa entrara em sleep por 3segundos
2021-04-16 21:29:41 O programa entrara em sleep por 3segundos
2021-04-16 21:29:44 O programa entrara em sleep por 3segundos
2021-04-16 21:29:47 O programa entrara em sleep por 3segundos
2021-04-16 21:29:50 O programa entrara em sleep por 3segundos
2021-04-16 21:29:53 O programa entrara em sleep por 3segundos
2021-04-16 21:29:56 O programa entrara em sleep por 3segundos
2021-04-16 21:29:59 O programa entrara em sleep por 3segundos
