2021-04-16 14:51:34 Buscando configurações diretório - PY002
2021-04-16 14:51:34 Diretório Extração: C:\Users\luiz.carlos\Desktop\Estudo\TCC\Dados\Extracao
2021-04-16 14:51:34 Diretório Tmp: C:\Users\luiz.carlos\Desktop\Estudo\TCC\Dados\Extracao\Temp
2021-04-16 14:51:34 Diretório Send: C:\Users\luiz.carlos\Desktop\Estudo\TCC\Dados\Extracao\Send
2021-04-16 14:51:34 Diretório Log: C:\Users\luiz.carlos\Desktop\Estudo\TCC\Dados\Extracao\Log
2021-04-16 14:51:34 Diretório Err: C:\Users\luiz.carlos\Desktop\Estudo\TCC\Dados\Extracao\Err
2021-04-16 14:51:34 Buscando configurações ciclo - PY002
2021-04-16 14:51:34 O programa entrara em sleep por 3segundos
2021-04-16 14:51:37 O programa entrara em sleep por 3segundos
2021-04-16 14:51:40 O programa entrara em sleep por 3segundos
2021-04-16 14:51:43 O programa entrara em sleep por 3segundos
2021-04-16 14:51:46 O programa entrara em sleep por 3segundos
2021-04-16 14:51:49 O programa entrara em sleep por 3segundos
2021-04-16 14:51:52 O programa entrara em sleep por 3segundos
2021-04-16 14:51:55 O programa entrara em sleep por 3segundos
2021-04-16 14:51:58 O programa entrara em sleep por 3segundos
2021-04-16 14:52:01 O programa entrara em sleep por 3segundos
2021-04-16 14:52:04 O programa entrara em sleep por 3segundos
2021-04-16 14:52:07 O programa entrara em sleep por 3segundos
2021-04-16 14:52:10 O programa entrara em sleep por 3segundos
2021-04-16 14:52:13 O programa entrara em sleep por 3segundos
2021-04-16 14:52:16 O programa entrara em sleep por 3segundos
2021-04-16 14:52:19 O programa entrara em sleep por 3segundos
2021-04-16 14:52:22 O programa entrara em sleep por 3segundos
2021-04-16 14:52:25 O programa entrara em sleep por 3segundos
2021-04-16 14:52:28 O programa entrara em sleep por 3segundos
2021-04-16 14:52:31 O programa entrara em sleep por 3segundos
2021-04-16 14:52:34 O programa entrara em sleep por 3segundos
2021-04-16 14:52:37 O programa entrara em sleep por 3segundos
2021-04-16 14:52:40 O programa entrara em sleep por 3segundos
2021-04-16 14:52:43 O programa entrara em sleep por 3segundos
2021-04-16 14:52:46 O programa entrara em sleep por 3segundos
2021-04-16 14:52:49 O programa entrara em sleep por 3segundos
2021-04-16 14:52:53 O programa entrara em sleep por 3segundos
2021-04-16 14:52:56 O programa entrara em sleep por 3segundos
2021-04-16 14:52:59 O programa entrara em sleep por 3segundos
2021-04-16 14:53:02 O programa entrara em sleep por 3segundos
2021-04-16 14:53:05 O programa entrara em sleep por 3segundos
2021-04-16 14:53:08 O programa entrara em sleep por 3segundos
2021-04-16 14:53:11 O programa entrara em sleep por 3segundos
2021-04-16 14:53:14 O programa entrara em sleep por 3segundos
2021-04-16 14:53:17 O programa entrara em sleep por 3segundos
2021-04-16 14:53:20 O programa entrara em sleep por 3segundos
2021-04-16 14:53:23 O programa entrara em sleep por 3segundos
2021-04-16 14:53:26 O programa entrara em sleep por 3segundos
2021-04-16 14:53:29 O programa entrara em sleep por 3segundos
2021-04-16 14:53:32 O programa entrara em sleep por 3segundos
2021-04-16 14:53:35 O programa entrara em sleep por 3segundos
2021-04-16 14:53:38 O programa entrara em sleep por 3segundos
2021-04-16 14:53:41 O programa entrara em sleep por 3segundos
2021-04-16 14:53:44 O programa entrara em sleep por 3segundos
2021-04-16 14:53:47 O programa entrara em sleep por 3segundos
2021-04-16 14:53:50 O programa entrara em sleep por 3segundos
2021-04-16 14:53:53 O programa entrara em sleep por 3segundos
2021-04-16 14:53:56 O programa entrara em sleep por 3segundos
2021-04-16 14:53:59 O programa entrara em sleep por 3segundos
2021-04-16 14:54:02 O programa entrara em sleep por 3segundos
2021-04-16 14:54:05 O programa entrara em sleep por 3segundos
2021-04-16 14:54:08 O programa entrara em sleep por 3segundos
2021-04-16 14:54:11 O programa entrara em sleep por 3segundos
