2021-04-16 14:53:23 Iniciando processo de Extração
2021-04-16 14:53:23 Buscando configurações diretório - PY001
2021-04-16 14:53:23 Diretório Extração: C:\Users\luiz.carlos\Desktop\Estudo\TCC\Dados\Extracao
2021-04-16 14:53:23 Diretório Tmp: C:\Users\luiz.carlos\Desktop\Estudo\TCC\Dados\Extracao\Temp
2021-04-16 14:53:23 Diretório Send: C:\Users\luiz.carlos\Desktop\Estudo\TCC\Dados\Extracao\Send
2021-04-16 14:53:23 Diretório Log: C:\Users\luiz.carlos\Desktop\Estudo\TCC\Dados\Extracao\Log
2021-04-16 14:53:23 Diretório Err: C:\Users\luiz.carlos\Desktop\Estudo\TCC\Dados\Extracao\Err
2021-04-16 14:53:23 Buscando configurações ciclo - PY001
2021-04-16 14:53:23 O programa entrara em sleep por 3segundos
2021-04-16 14:53:26 O programa entrara em sleep por 3segundos
2021-04-16 14:53:29 O programa entrara em sleep por 3segundos
2021-04-16 14:53:32 O programa entrara em sleep por 3segundos
2021-04-16 14:53:35 O programa entrara em sleep por 3segundos
2021-04-16 14:53:38 O programa entrara em sleep por 3segundos
2021-04-16 14:53:41 O programa entrara em sleep por 3segundos
2021-04-16 14:53:44 O programa entrara em sleep por 3segundos
2021-04-16 14:53:47 O programa entrara em sleep por 3segundos
2021-04-16 14:53:50 O programa entrara em sleep por 3segundos
2021-04-16 14:53:53 O programa entrara em sleep por 3segundos
2021-04-16 14:53:56 O programa entrara em sleep por 3segundos
2021-04-16 14:53:59 O programa entrara em sleep por 3segundos
2021-04-16 14:54:02 O programa entrara em sleep por 3segundos
2021-04-16 14:54:05 O programa entrara em sleep por 3segundos
2021-04-16 14:54:08 O programa entrara em sleep por 3segundos
2021-04-16 14:54:11 O programa entrara em sleep por 3segundos
