2021-04-16 14:51:27 Buscando configurações diretório - PY003
2021-04-16 14:51:27 Diretório Extração: C:\Users\luiz.carlos\Desktop\Estudo\TCC\Dados\Extracao
2021-04-16 14:51:27 Diretório Tmp: C:\Users\luiz.carlos\Desktop\Estudo\TCC\Dados\Extracao\Temp
2021-04-16 14:51:27 Diretório Send: C:\Users\luiz.carlos\Desktop\Estudo\TCC\Dados\Extracao\Send
2021-04-16 14:51:27 Diretório Log: C:\Users\luiz.carlos\Desktop\Estudo\TCC\Dados\Extracao\Log
2021-04-16 14:51:27 Diretório Err: C:\Users\luiz.carlos\Desktop\Estudo\TCC\Dados\Extracao\Err
2021-04-16 14:51:27 Buscando configurações ciclo - PY003
2021-04-16 14:51:27 O programa entrara em sleep por 3segundos
2021-04-16 14:51:30 O programa entrara em sleep por 3segundos
2021-04-16 14:51:33 O programa entrara em sleep por 3segundos
2021-04-16 14:51:39 O programa entrara em sleep por 3segundos
2021-04-16 14:51:42 O programa entrara em sleep por 3segundos
2021-04-16 14:51:45 O programa entrara em sleep por 3segundos
2021-04-16 14:51:48 O programa entrara em sleep por 3segundos
2021-04-16 14:51:51 O programa entrara em sleep por 3segundos
2021-04-16 14:51:54 O programa entrara em sleep por 3segundos
2021-04-16 14:51:57 O programa entrara em sleep por 3segundos
2021-04-16 14:52:00 O programa entrara em sleep por 3segundos
2021-04-16 14:52:03 O programa entrara em sleep por 3segundos
2021-04-16 14:52:06 O programa entrara em sleep por 3segundos
2021-04-16 14:52:09 O programa entrara em sleep por 3segundos
2021-04-16 14:52:12 O programa entrara em sleep por 3segundos
2021-04-16 14:52:21 O programa entrara em sleep por 3segundos
2021-04-16 14:52:24 O programa entrara em sleep por 3segundos
2021-04-16 14:52:27 O programa entrara em sleep por 3segundos
2021-04-16 14:52:30 O programa entrara em sleep por 3segundos
2021-04-16 14:52:33 O programa entrara em sleep por 3segundos
2021-04-16 14:52:36 O programa entrara em sleep por 3segundos
2021-04-16 14:52:39 O programa entrara em sleep por 3segundos
2021-04-16 14:52:42 O programa entrara em sleep por 3segundos
2021-04-16 14:52:45 O programa entrara em sleep por 3segundos
2021-04-16 14:52:48 O programa entrara em sleep por 3segundos
2021-04-16 14:52:51 O programa entrara em sleep por 3segundos
2021-04-16 14:52:57 O programa entrara em sleep por 3segundos
2021-04-16 14:53:00 O programa entrara em sleep por 3segundos
2021-04-16 14:53:03 O programa entrara em sleep por 3segundos
2021-04-16 14:53:06 O programa entrara em sleep por 3segundos
2021-04-16 14:53:09 O programa entrara em sleep por 3segundos
2021-04-16 14:53:12 O programa entrara em sleep por 3segundos
2021-04-16 14:53:15 O programa entrara em sleep por 3segundos
2021-04-16 14:53:18 O programa entrara em sleep por 3segundos
2021-04-16 14:53:21 O programa entrara em sleep por 3segundos
2021-04-16 14:53:24 O programa entrara em sleep por 3segundos
2021-04-16 14:53:27 O programa entrara em sleep por 3segundos
2021-04-16 14:53:30 O programa entrara em sleep por 3segundos
2021-04-16 14:53:33 O programa entrara em sleep por 3segundos
2021-04-16 14:53:36 O programa entrara em sleep por 3segundos
2021-04-16 14:53:39 O programa entrara em sleep por 3segundos
2021-04-16 14:53:42 O programa entrara em sleep por 3segundos
2021-04-16 14:53:45 O programa entrara em sleep por 3segundos
2021-04-16 14:53:51 O programa entrara em sleep por 3segundos
2021-04-16 14:53:54 O programa entrara em sleep por 3segundos
2021-04-16 14:53:57 O programa entrara em sleep por 3segundos
2021-04-16 14:54:00 O programa entrara em sleep por 3segundos
2021-04-16 14:54:03 O programa entrara em sleep por 3segundos
2021-04-16 14:54:06 O programa entrara em sleep por 3segundos
2021-04-16 14:54:09 O programa entrara em sleep por 3segundos
