2021-04-16 14:12:37 Iniciando processo de Extração
2021-04-16 14:12:37 Buscando configurações diretório - PY001
2021-04-16 14:12:37 Diretório Extração: C:\Users\luiz.carlos\Desktop\Estudo\TCC\Dados\Extracao
2021-04-16 14:12:37 Diretório Tmp: C:\Users\luiz.carlos\Desktop\Estudo\TCC\Dados\Extracao\Temp
2021-04-16 14:12:37 Diretório Send: C:\Users\luiz.carlos\Desktop\Estudo\TCC\Dados\Extracao\Send
2021-04-16 14:12:37 Diretório Log: C:\Users\luiz.carlos\Desktop\Estudo\TCC\Dados\Extracao\Log
2021-04-16 14:12:37 Diretório Err: C:\Users\luiz.carlos\Desktop\Estudo\TCC\Dados\Extracao\Err
2021-04-16 14:12:37 Buscando configurações ciclo - PY001
2021-04-16 14:12:37Erro - [WinError 183] Não é possível criar um arquivo já existente: 'C:\\Users\\luiz.carlos\\Desktop\\Estudo\\TCC\\Dados\\Extracao\\CSBH01001C_0010020.Temp' -> 'C:\\Users\\luiz.carlos\\Desktop\\Estudo\\TCC\\Dados\\Extracao\\Temp/CSBH01001C_0010020.Temp'2021-04-16 14:12:37 O programa entrara em sleep por 3segundos
2021-04-16 14:12:40Erro - [WinError 183] Não é possível criar um arquivo já existente: 'C:\\Users\\luiz.carlos\\Desktop\\Estudo\\TCC\\Dados\\Extracao\\CSBH01001C_0010020.Temp' -> 'C:\\Users\\luiz.carlos\\Desktop\\Estudo\\TCC\\Dados\\Extracao\\Temp/CSBH01001C_0010020.Temp'2021-04-16 14:12:40 O programa entrara em sleep por 3segundos
2021-04-16 14:12:43Erro - [WinError 183] Não é possível criar um arquivo já existente: 'C:\\Users\\luiz.carlos\\Desktop\\Estudo\\TCC\\Dados\\Extracao\\CSBH01001C_0010020.Temp' -> 'C:\\Users\\luiz.carlos\\Desktop\\Estudo\\TCC\\Dados\\Extracao\\Temp/CSBH01001C_0010020.Temp'2021-04-16 14:12:43 O programa entrara em sleep por 3segundos
2021-04-16 14:12:46Erro - [WinError 183] Não é possível criar um arquivo já existente: 'C:\\Users\\luiz.carlos\\Desktop\\Estudo\\TCC\\Dados\\Extracao\\CSBH01001C_0010020.Temp' -> 'C:\\Users\\luiz.carlos\\Desktop\\Estudo\\TCC\\Dados\\Extracao\\Temp/CSBH01001C_0010020.Temp'2021-04-16 14:12:46 O programa entrara em sleep por 3segundos
2021-04-16 14:12:49Erro - [WinError 183] Não é possível criar um arquivo já existente: 'C:\\Users\\luiz.carlos\\Desktop\\Estudo\\TCC\\Dados\\Extracao\\CSBH01001C_0010020.Temp' -> 'C:\\Users\\luiz.carlos\\Desktop\\Estudo\\TCC\\Dados\\Extracao\\Temp/CSBH01001C_0010020.Temp'2021-04-16 14:12:49 O programa entrara em sleep por 3segundos
2021-04-16 14:12:52Erro - [WinError 183] Não é possível criar um arquivo já existente: 'C:\\Users\\luiz.carlos\\Desktop\\Estudo\\TCC\\Dados\\Extracao\\CSBH01001C_0010020.Temp' -> 'C:\\Users\\luiz.carlos\\Desktop\\Estudo\\TCC\\Dados\\Extracao\\Temp/CSBH01001C_0010020.Temp'2021-04-16 14:12:52 O programa entrara em sleep por 3segundos
2021-04-16 14:12:55Erro - [WinError 183] Não é possível criar um arquivo já existente: 'C:\\Users\\luiz.carlos\\Desktop\\Estudo\\TCC\\Dados\\Extracao\\CSBH01001C_0010020.Temp' -> 'C:\\Users\\luiz.carlos\\Desktop\\Estudo\\TCC\\Dados\\Extracao\\Temp/CSBH01001C_0010020.Temp'2021-04-16 14:12:55 O programa entrara em sleep por 3segundos
2021-04-16 14:12:58Erro - [WinError 183] Não é possível criar um arquivo já existente: 'C:\\Users\\luiz.carlos\\Desktop\\Estudo\\TCC\\Dados\\Extracao\\CSBH01001C_0010020.Temp' -> 'C:\\Users\\luiz.carlos\\Desktop\\Estudo\\TCC\\Dados\\Extracao\\Temp/CSBH01001C_0010020.Temp'2021-04-16 14:12:58 O programa entrara em sleep por 3segundos
2021-04-16 14:13:01Erro - [WinError 183] Não é possível criar um arquivo já existente: 'C:\\Users\\luiz.carlos\\Desktop\\Estudo\\TCC\\Dados\\Extracao\\CSBH01001C_0010020.Temp' -> 'C:\\Users\\luiz.carlos\\Desktop\\Estudo\\TCC\\Dados\\Extracao\\Temp/CSBH01001C_0010020.Temp'2021-04-16 14:13:01 O programa entrara em sleep por 3segundos
2021-04-16 14:13:04Erro - [WinError 183] Não é possível criar um arquivo já existente: 'C:\\Users\\luiz.carlos\\Desktop\\Estudo\\TCC\\Dados\\Extracao\\CSBH01001C_0010020.Temp' -> 'C:\\Users\\luiz.carlos\\Desktop\\Estudo\\TCC\\Dados\\Extracao\\Temp/CSBH01001C_0010020.Temp'2021-04-16 14:13:04 O programa entrara em sleep por 3segundos
2021-04-16 14:13:07Erro - [WinError 183] Não é possível criar um arquivo já existente: 'C:\\Users\\luiz.carlos\\Desktop\\Estudo\\TCC\\Dados\\Extracao\\CSBH01001C_0010020.Temp' -> 'C:\\Users\\luiz.carlos\\Desktop\\Estudo\\TCC\\Dados\\Extracao\\Temp/CSBH01001C_0010020.Temp'2021-04-16 14:13:07 O programa entrara em sleep por 3segundos
2021-04-16 14:13:10Erro - [WinError 183] Não é possível criar um arquivo já existente: 'C:\\Users\\luiz.carlos\\Desktop\\Estudo\\TCC\\Dados\\Extracao\\CSBH01001C_0010020.Temp' -> 'C:\\Users\\luiz.carlos\\Desktop\\Estudo\\TCC\\Dados\\Extracao\\Temp/CSBH01001C_0010020.Temp'2021-04-16 14:13:10 O programa entrara em sleep por 3segundos
2021-04-16 14:13:13Erro - [WinError 183] Não é possível criar um arquivo já existente: 'C:\\Users\\luiz.carlos\\Desktop\\Estudo\\TCC\\Dados\\Extracao\\CSBH01001C_0010020.Temp' -> 'C:\\Users\\luiz.carlos\\Desktop\\Estudo\\TCC\\Dados\\Extracao\\Temp/CSBH01001C_0010020.Temp'2021-04-16 14:13:13 O programa entrara em sleep por 3segundos
2021-04-16 14:13:16Erro - [WinError 183] Não é possível criar um arquivo já existente: 'C:\\Users\\luiz.carlos\\Desktop\\Estudo\\TCC\\Dados\\Extracao\\CSBH01001C_0010020.Temp' -> 'C:\\Users\\luiz.carlos\\Desktop\\Estudo\\TCC\\Dados\\Extracao\\Temp/CSBH01001C_0010020.Temp'2021-04-16 14:13:16 O programa entrara em sleep por 3segundos
2021-04-16 14:13:19Erro - [WinError 183] Não é possível criar um arquivo já existente: 'C:\\Users\\luiz.carlos\\Desktop\\Estudo\\TCC\\Dados\\Extracao\\CSBH01001C_0010020.Temp' -> 'C:\\Users\\luiz.carlos\\Desktop\\Estudo\\TCC\\Dados\\Extracao\\Temp/CSBH01001C_0010020.Temp'2021-04-16 14:13:19 O programa entrara em sleep por 3segundos
2021-04-16 14:13:22Erro - [WinError 183] Não é possível criar um arquivo já existente: 'C:\\Users\\luiz.carlos\\Desktop\\Estudo\\TCC\\Dados\\Extracao\\CSBH01001C_0010020.Temp' -> 'C:\\Users\\luiz.carlos\\Desktop\\Estudo\\TCC\\Dados\\Extracao\\Temp/CSBH01001C_0010020.Temp'2021-04-16 14:13:22 O programa entrara em sleep por 3segundos
2021-04-16 14:13:25Erro - [WinError 183] Não é possível criar um arquivo já existente: 'C:\\Users\\luiz.carlos\\Desktop\\Estudo\\TCC\\Dados\\Extracao\\CSBH01001C_0010020.Temp' -> 'C:\\Users\\luiz.carlos\\Desktop\\Estudo\\TCC\\Dados\\Extracao\\Temp/CSBH01001C_0010020.Temp'2021-04-16 14:13:25 O programa entrara em sleep por 3segundos
2021-04-16 14:13:28Erro - [WinError 183] Não é possível criar um arquivo já existente: 'C:\\Users\\luiz.carlos\\Desktop\\Estudo\\TCC\\Dados\\Extracao\\CSBH01001C_0010020.Temp' -> 'C:\\Users\\luiz.carlos\\Desktop\\Estudo\\TCC\\Dados\\Extracao\\Temp/CSBH01001C_0010020.Temp'2021-04-16 14:13:28 O programa entrara em sleep por 3segundos
2021-04-16 14:13:31Erro - [WinError 183] Não é possível criar um arquivo já existente: 'C:\\Users\\luiz.carlos\\Desktop\\Estudo\\TCC\\Dados\\Extracao\\CSBH01001C_0010020.Temp' -> 'C:\\Users\\luiz.carlos\\Desktop\\Estudo\\TCC\\Dados\\Extracao\\Temp/CSBH01001C_0010020.Temp'2021-04-16 14:13:31 O programa entrara em sleep por 3segundos
2021-04-16 14:13:34Erro - [WinError 183] Não é possível criar um arquivo já existente: 'C:\\Users\\luiz.carlos\\Desktop\\Estudo\\TCC\\Dados\\Extracao\\CSBH01001C_0010020.Temp' -> 'C:\\Users\\luiz.carlos\\Desktop\\Estudo\\TCC\\Dados\\Extracao\\Temp/CSBH01001C_0010020.Temp'2021-04-16 14:13:34 O programa entrara em sleep por 3segundos
2021-04-16 14:13:37Erro - [WinError 183] Não é possível criar um arquivo já existente: 'C:\\Users\\luiz.carlos\\Desktop\\Estudo\\TCC\\Dados\\Extracao\\CSBH01001C_0010020.Temp' -> 'C:\\Users\\luiz.carlos\\Desktop\\Estudo\\TCC\\Dados\\Extracao\\Temp/CSBH01001C_0010020.Temp'2021-04-16 14:13:37 O programa entrara em sleep por 3segundos
2021-04-16 14:13:40Erro - [WinError 183] Não é possível criar um arquivo já existente: 'C:\\Users\\luiz.carlos\\Desktop\\Estudo\\TCC\\Dados\\Extracao\\CSBH01001C_0010020.Temp' -> 'C:\\Users\\luiz.carlos\\Desktop\\Estudo\\TCC\\Dados\\Extracao\\Temp/CSBH01001C_0010020.Temp'2021-04-16 14:13:40 O programa entrara em sleep por 3segundos
2021-04-16 14:13:43Erro - [WinError 183] Não é possível criar um arquivo já existente: 'C:\\Users\\luiz.carlos\\Desktop\\Estudo\\TCC\\Dados\\Extracao\\CSBH01001C_0010020.Temp' -> 'C:\\Users\\luiz.carlos\\Desktop\\Estudo\\TCC\\Dados\\Extracao\\Temp/CSBH01001C_0010020.Temp'2021-04-16 14:13:43 O programa entrara em sleep por 3segundos
2021-04-16 14:13:46Erro - [WinError 183] Não é possível criar um arquivo já existente: 'C:\\Users\\luiz.carlos\\Desktop\\Estudo\\TCC\\Dados\\Extracao\\CSBH01001C_0010020.Temp' -> 'C:\\Users\\luiz.carlos\\Desktop\\Estudo\\TCC\\Dados\\Extracao\\Temp/CSBH01001C_0010020.Temp'2021-04-16 14:13:46 O programa entrara em sleep por 3segundos
2021-04-16 14:13:49Erro - [WinError 183] Não é possível criar um arquivo já existente: 'C:\\Users\\luiz.carlos\\Desktop\\Estudo\\TCC\\Dados\\Extracao\\CSBH01001C_0010020.Temp' -> 'C:\\Users\\luiz.carlos\\Desktop\\Estudo\\TCC\\Dados\\Extracao\\Temp/CSBH01001C_0010020.Temp'2021-04-16 14:13:49 O programa entrara em sleep por 3segundos
2021-04-16 14:13:52Erro - [WinError 183] Não é possível criar um arquivo já existente: 'C:\\Users\\luiz.carlos\\Desktop\\Estudo\\TCC\\Dados\\Extracao\\CSBH01001C_0010020.Temp' -> 'C:\\Users\\luiz.carlos\\Desktop\\Estudo\\TCC\\Dados\\Extracao\\Temp/CSBH01001C_0010020.Temp'2021-04-16 14:13:52 O programa entrara em sleep por 3segundos
2021-04-16 14:13:55Erro - [WinError 183] Não é possível criar um arquivo já existente: 'C:\\Users\\luiz.carlos\\Desktop\\Estudo\\TCC\\Dados\\Extracao\\CSBH01001C_0010020.Temp' -> 'C:\\Users\\luiz.carlos\\Desktop\\Estudo\\TCC\\Dados\\Extracao\\Temp/CSBH01001C_0010020.Temp'2021-04-16 14:13:55 O programa entrara em sleep por 3segundos
2021-04-16 14:13:58Erro - [WinError 183] Não é possível criar um arquivo já existente: 'C:\\Users\\luiz.carlos\\Desktop\\Estudo\\TCC\\Dados\\Extracao\\CSBH01001C_0010020.Temp' -> 'C:\\Users\\luiz.carlos\\Desktop\\Estudo\\TCC\\Dados\\Extracao\\Temp/CSBH01001C_0010020.Temp'2021-04-16 14:13:58 O programa entrara em sleep por 3segundos
