2021-03-20 19:56:41 Buscando configurações diretório - PY001
2021-03-20 19:56:41 Diretório Extração: C:\Users\luiz.carlos\Desktop\Estudo\TCC\Dados\Extracao
2021-03-20 19:56:41 Diretório Tmp: C:\Users\luiz.carlos\Desktop\Estudo\TCC\Dados\Extracao\Temp
2021-03-20 19:56:41 Diretório Send: C:\Users\luiz.carlos\Desktop\Estudo\TCC\Dados\Extracao\Send
2021-03-20 19:56:41 Diretório Log: C:\Users\luiz.carlos\Desktop\Estudo\TCC\Dados\Extracao\Log
2021-03-20 19:56:41 Diretório Err: C:\Users\luiz.carlos\Desktop\Estudo\TCC\Dados\Extracao\Err
2021-03-20 19:56:41 Buscando configurações ciclo - PY001
2021-03-20 19:57:51 Buscando configurações diretório - PY001
2021-03-20 19:57:51 Diretório Extração: C:\Users\luiz.carlos\Desktop\Estudo\TCC\Dados\Extracao
2021-03-20 19:57:51 Diretório Tmp: C:\Users\luiz.carlos\Desktop\Estudo\TCC\Dados\Extracao\Temp
2021-03-20 19:57:51 Diretório Send: C:\Users\luiz.carlos\Desktop\Estudo\TCC\Dados\Extracao\Send
2021-03-20 19:57:51 Diretório Log: C:\Users\luiz.carlos\Desktop\Estudo\TCC\Dados\Extracao\Log
2021-03-20 19:57:51 Diretório Err: C:\Users\luiz.carlos\Desktop\Estudo\TCC\Dados\Extracao\Err
2021-03-20 19:57:51 Buscando configurações ciclo - PY001
2021-03-20 19:58:54 Buscando configurações diretório - PY001
2021-03-20 19:58:54 Diretório Extração: C:\Users\luiz.carlos\Desktop\Estudo\TCC\Dados\Extracao
2021-03-20 19:58:54 Diretório Tmp: C:\Users\luiz.carlos\Desktop\Estudo\TCC\Dados\Extracao\Temp
2021-03-20 19:58:54 Diretório Send: C:\Users\luiz.carlos\Desktop\Estudo\TCC\Dados\Extracao\Send
2021-03-20 19:58:54 Diretório Log: C:\Users\luiz.carlos\Desktop\Estudo\TCC\Dados\Extracao\Log
2021-03-20 19:58:54 Diretório Err: C:\Users\luiz.carlos\Desktop\Estudo\TCC\Dados\Extracao\Err
2021-03-20 19:58:54 Buscando configurações ciclo - PY001
2021-03-20 20:13:02 Buscando configurações diretório - PY000
2021-03-20 20:13:02 Diretório Extração: C:\Users\luiz.carlos\Desktop\Estudo\TCC\Dados\Extracao
2021-03-20 20:13:02 Diretório Tmp: C:\Users\luiz.carlos\Desktop\Estudo\TCC\Dados\Extracao\Temp
2021-03-20 20:13:02 Diretório Send: C:\Users\luiz.carlos\Desktop\Estudo\TCC\Dados\Extracao\Send
2021-03-20 20:13:02 Diretório Log: C:\Users\luiz.carlos\Desktop\Estudo\TCC\Dados\Extracao\Log
2021-03-20 20:13:02 Diretório Err: C:\Users\luiz.carlos\Desktop\Estudo\TCC\Dados\Extracao\Err
2021-03-20 20:13:34 Buscando configurações diretório - PY000
2021-03-20 20:13:34 Diretório Extração: C:\Users\luiz.carlos\Desktop\Estudo\TCC\Dados\Extracao
2021-03-20 20:13:34 Diretório Tmp: C:\Users\luiz.carlos\Desktop\Estudo\TCC\Dados\Extracao\Temp
2021-03-20 20:13:34 Diretório Send: C:\Users\luiz.carlos\Desktop\Estudo\TCC\Dados\Extracao\Send
2021-03-20 20:13:34 Diretório Log: C:\Users\luiz.carlos\Desktop\Estudo\TCC\Dados\Extracao\Log
2021-03-20 20:13:34 Diretório Err: C:\Users\luiz.carlos\Desktop\Estudo\TCC\Dados\Extracao\Err
2021-03-20 20:13:55 Buscando configurações diretório - PY000
2021-03-20 20:13:55 Diretório Extração: C:\Users\luiz.carlos\Desktop\Estudo\TCC\Dados\Extracao
2021-03-20 20:13:55 Diretório Tmp: C:\Users\luiz.carlos\Desktop\Estudo\TCC\Dados\Extracao\Temp
2021-03-20 20:13:55 Diretório Send: C:\Users\luiz.carlos\Desktop\Estudo\TCC\Dados\Extracao\Send
2021-03-20 20:13:55 Diretório Log: C:\Users\luiz.carlos\Desktop\Estudo\TCC\Dados\Extracao\Log
2021-03-20 20:13:55 Diretório Err: C:\Users\luiz.carlos\Desktop\Estudo\TCC\Dados\Extracao\Err
2021-03-20 20:18:38 Buscando configurações diretório - PY000
2021-03-20 20:18:42 Buscando configurações diretório - PY000
2021-03-20 20:19:38 Buscando configurações diretório - PY000
2021-03-20 20:20:43 Buscando configurações diretório - PY000
2021-03-20 20:21:09 Buscando configurações diretório - PY000
2021-03-20 20:21:09 Diretório Extração: C:\Users\luiz.carlos\Desktop\Estudo\TCC\Dados\Extracao
2021-03-20 20:21:09 Diretório Tmp: C:\Users\luiz.carlos\Desktop\Estudo\TCC\Dados\Extracao\Temp
2021-03-20 20:21:09 Diretório Send: C:\Users\luiz.carlos\Desktop\Estudo\TCC\Dados\Extracao\Send
2021-03-20 20:21:09 Diretório Log: C:\Users\luiz.carlos\Desktop\Estudo\TCC\Dados\Extracao\Log
2021-03-20 20:21:09 Diretório Err: C:\Users\luiz.carlos\Desktop\Estudo\TCC\Dados\Extracao\Err
2021-03-20 20:22:15 Buscando configurações diretório - PY000
2021-03-20 20:22:15 Diretório Extração: C:\Users\luiz.carlos\Desktop\Estudo\TCC\Dados\Extracao
2021-03-20 20:22:15 Diretório Tmp: C:\Users\luiz.carlos\Desktop\Estudo\TCC\Dados\Extracao\Temp
2021-03-20 20:22:15 Diretório Send: C:\Users\luiz.carlos\Desktop\Estudo\TCC\Dados\Extracao\Send
2021-03-20 20:22:15 Diretório Log: C:\Users\luiz.carlos\Desktop\Estudo\TCC\Dados\Extracao\Log
2021-03-20 20:22:15 Diretório Err: C:\Users\luiz.carlos\Desktop\Estudo\TCC\Dados\Extracao\Err
2021-03-20 20:27:56 Buscando configurações diretório - PY000
2021-03-20 20:28:13 Buscando configurações diretório - PY000
2021-03-20 20:28:36 Buscando configurações diretório - PY000
2021-03-20 20:34:22 Buscando configurações diretório - PY000
2021-03-20 20:35:31 Buscando configurações diretório - PY000
2021-03-20 20:36:56 Buscando configurações diretório - PY000
2021-03-20 20:36:56 Diretório Extração: C:\Users\luiz.carlos\Desktop\Estudo\TCC\Dados\Extracao
2021-03-20 20:36:56 Diretório Tmp: C:\Users\luiz.carlos\Desktop\Estudo\TCC\Dados\Extracao\Temp
2021-03-20 20:36:56 Diretório Send: C:\Users\luiz.carlos\Desktop\Estudo\TCC\Dados\Extracao\Send
2021-03-20 20:36:56 Diretório Log: C:\Users\luiz.carlos\Desktop\Estudo\TCC\Dados\Extracao\Log
2021-03-20 20:36:56 Diretório Err: C:\Users\luiz.carlos\Desktop\Estudo\TCC\Dados\Extracao\Err
2021-03-20 20:37:39 Buscando configurações diretório - PY000
2021-03-20 20:37:39 Diretório Extração: C:\Users\luiz.carlos\Desktop\Estudo\TCC\Dados\Extracao
2021-03-20 20:37:39 Diretório Tmp: C:\Users\luiz.carlos\Desktop\Estudo\TCC\Dados\Extracao\Temp
2021-03-20 20:37:39 Diretório Send: C:\Users\luiz.carlos\Desktop\Estudo\TCC\Dados\Extracao\Send
2021-03-20 20:37:39 Diretório Log: C:\Users\luiz.carlos\Desktop\Estudo\TCC\Dados\Extracao\Log
2021-03-20 20:37:39 Diretório Err: C:\Users\luiz.carlos\Desktop\Estudo\TCC\Dados\Extracao\Err
2021-03-20 20:42:05 Buscando configurações diretório - PY000
2021-03-20 20:42:36 Buscando configurações diretório - PY000
2021-03-20 20:43:02 Buscando configurações diretório - PY000
2021-03-20 20:45:07 Buscando configurações diretório - PY000
2021-03-20 20:45:07 Diretório Extração: C:\Users\luiz.carlos\Desktop\Estudo\TCC\Dados\Extracao
2021-03-20 20:45:07 Diretório Tmp: C:\Users\luiz.carlos\Desktop\Estudo\TCC\Dados\Extracao\Temp
2021-03-20 20:45:07 Diretório Send: C:\Users\luiz.carlos\Desktop\Estudo\TCC\Dados\Extracao\Send
2021-03-20 20:45:07 Diretório Log: C:\Users\luiz.carlos\Desktop\Estudo\TCC\Dados\Extracao\Log
2021-03-20 20:45:07 Diretório Err: C:\Users\luiz.carlos\Desktop\Estudo\TCC\Dados\Extracao\Err
2021-03-20 20:46:18 Buscando configurações diretório - PY000
2021-03-20 20:46:18 Diretório Extração: C:\Users\luiz.carlos\Desktop\Estudo\TCC\Dados\Extracao
2021-03-20 20:46:18 Diretório Tmp: C:\Users\luiz.carlos\Desktop\Estudo\TCC\Dados\Extracao\Temp
2021-03-20 20:46:18 Diretório Send: C:\Users\luiz.carlos\Desktop\Estudo\TCC\Dados\Extracao\Send
2021-03-20 20:46:18 Diretório Log: C:\Users\luiz.carlos\Desktop\Estudo\TCC\Dados\Extracao\Log
2021-03-20 20:46:18 Diretório Err: C:\Users\luiz.carlos\Desktop\Estudo\TCC\Dados\Extracao\Err
2021-03-20 20:48:50 Buscando configurações diretório - PY000
2021-03-20 20:48:50 Diretório Extração: C:\Users\luiz.carlos\Desktop\Estudo\TCC\Dados\Extracao
2021-03-20 20:48:50 Diretório Tmp: C:\Users\luiz.carlos\Desktop\Estudo\TCC\Dados\Extracao\Temp
2021-03-20 20:48:50 Diretório Send: C:\Users\luiz.carlos\Desktop\Estudo\TCC\Dados\Extracao\Send
2021-03-20 20:48:50 Diretório Log: C:\Users\luiz.carlos\Desktop\Estudo\TCC\Dados\Extracao\Log
2021-03-20 20:48:50 Diretório Err: C:\Users\luiz.carlos\Desktop\Estudo\TCC\Dados\Extracao\Err
2021-03-20 20:49:08 Buscando configurações diretório - PY002
2021-03-20 20:49:08 Diretório Extração: C:\Users\luiz.carlos\Desktop\Estudo\TCC\Dados\Extracao
2021-03-20 20:49:08 Diretório Tmp: C:\Users\luiz.carlos\Desktop\Estudo\TCC\Dados\Extracao\Temp
2021-03-20 20:49:08 Diretório Send: C:\Users\luiz.carlos\Desktop\Estudo\TCC\Dados\Extracao\Send
2021-03-20 20:49:08 Diretório Log: C:\Users\luiz.carlos\Desktop\Estudo\TCC\Dados\Extracao\Log
2021-03-20 20:49:08 Diretório Err: C:\Users\luiz.carlos\Desktop\Estudo\TCC\Dados\Extracao\Err
2021-03-20 21:42:50 Buscando configurações diretório - PY001
2021-03-20 21:42:50 Diretório Extração: C:\Users\luiz.carlos\Desktop\Estudo\TCC\Dados\Extracao
2021-03-20 21:42:50 Diretório Tmp: C:\Users\luiz.carlos\Desktop\Estudo\TCC\Dados\Extracao\Temp
2021-03-20 21:42:50 Diretório Send: C:\Users\luiz.carlos\Desktop\Estudo\TCC\Dados\Extracao\Send
2021-03-20 21:42:50 Diretório Log: C:\Users\luiz.carlos\Desktop\Estudo\TCC\Dados\Extracao\Log
2021-03-20 21:42:50 Diretório Err: C:\Users\luiz.carlos\Desktop\Estudo\TCC\Dados\Extracao\Err
2021-03-20 21:42:50 Buscando configurações ciclo - PY001
2021-03-20 21:42:57 Buscando configurações diretório - PY001
2021-03-20 21:42:57 Diretório Extração: C:\Users\luiz.carlos\Desktop\Estudo\TCC\Dados\Extracao
2021-03-20 21:42:57 Diretório Tmp: C:\Users\luiz.carlos\Desktop\Estudo\TCC\Dados\Extracao\Temp
2021-03-20 21:42:57 Diretório Send: C:\Users\luiz.carlos\Desktop\Estudo\TCC\Dados\Extracao\Send
2021-03-20 21:42:57 Diretório Log: C:\Users\luiz.carlos\Desktop\Estudo\TCC\Dados\Extracao\Log
2021-03-20 21:42:57 Diretório Err: C:\Users\luiz.carlos\Desktop\Estudo\TCC\Dados\Extracao\Err
2021-03-20 21:42:57 Buscando configurações ciclo - PY001
2021-03-20 21:43:23 Buscando configurações diretório - PY001
2021-03-20 21:43:23 Diretório Extração: C:\Users\luiz.carlos\Desktop\Estudo\TCC\Dados\Extracao
2021-03-20 21:43:23 Diretório Tmp: C:\Users\luiz.carlos\Desktop\Estudo\TCC\Dados\Extracao\Temp
2021-03-20 21:43:23 Diretório Send: C:\Users\luiz.carlos\Desktop\Estudo\TCC\Dados\Extracao\Send
2021-03-20 21:43:23 Diretório Log: C:\Users\luiz.carlos\Desktop\Estudo\TCC\Dados\Extracao\Log
2021-03-20 21:43:23 Diretório Err: C:\Users\luiz.carlos\Desktop\Estudo\TCC\Dados\Extracao\Err
2021-03-20 21:43:23 Buscando configurações ciclo - PY001
2021-03-20 21:44:15 Buscando configurações diretório - PY001
2021-03-20 21:44:15 Diretório Extração: C:\Users\luiz.carlos\Desktop\Estudo\TCC\Dados\Extracao
2021-03-20 21:44:15 Diretório Tmp: C:\Users\luiz.carlos\Desktop\Estudo\TCC\Dados\Extracao\Temp
2021-03-20 21:44:15 Diretório Send: C:\Users\luiz.carlos\Desktop\Estudo\TCC\Dados\Extracao\Send
2021-03-20 21:44:15 Diretório Log: C:\Users\luiz.carlos\Desktop\Estudo\TCC\Dados\Extracao\Log
2021-03-20 21:44:15 Diretório Err: C:\Users\luiz.carlos\Desktop\Estudo\TCC\Dados\Extracao\Err
2021-03-20 21:44:15 Buscando configurações ciclo - PY001
2021-03-20 21:44:52 Buscando configurações diretório - PY001
2021-03-20 21:44:52 Diretório Extração: C:\Users\luiz.carlos\Desktop\Estudo\TCC\Dados\Extracao
2021-03-20 21:44:52 Diretório Tmp: C:\Users\luiz.carlos\Desktop\Estudo\TCC\Dados\Extracao\Temp
2021-03-20 21:44:52 Diretório Send: C:\Users\luiz.carlos\Desktop\Estudo\TCC\Dados\Extracao\Send
2021-03-20 21:44:52 Diretório Log: C:\Users\luiz.carlos\Desktop\Estudo\TCC\Dados\Extracao\Log
2021-03-20 21:44:52 Diretório Err: C:\Users\luiz.carlos\Desktop\Estudo\TCC\Dados\Extracao\Err
2021-03-20 21:44:52 Buscando configurações ciclo - PY001
2021-03-20 21:45:08 Buscando configurações diretório - PY001
2021-03-20 21:45:08 Diretório Extração: C:\Users\luiz.carlos\Desktop\Estudo\TCC\Dados\Extracao
2021-03-20 21:45:08 Diretório Tmp: C:\Users\luiz.carlos\Desktop\Estudo\TCC\Dados\Extracao\Temp
2021-03-20 21:45:08 Diretório Send: C:\Users\luiz.carlos\Desktop\Estudo\TCC\Dados\Extracao\Send
2021-03-20 21:45:08 Diretório Log: C:\Users\luiz.carlos\Desktop\Estudo\TCC\Dados\Extracao\Log
2021-03-20 21:45:08 Diretório Err: C:\Users\luiz.carlos\Desktop\Estudo\TCC\Dados\Extracao\Err
2021-03-20 21:45:08 Buscando configurações ciclo - PY001
2021-03-20 21:45:27 Buscando configurações diretório - PY001
2021-03-20 21:45:27 Diretório Extração: C:\Users\luiz.carlos\Desktop\Estudo\TCC\Dados\Extracao
2021-03-20 21:45:27 Diretório Tmp: C:\Users\luiz.carlos\Desktop\Estudo\TCC\Dados\Extracao\Temp
2021-03-20 21:45:27 Diretório Send: C:\Users\luiz.carlos\Desktop\Estudo\TCC\Dados\Extracao\Send
2021-03-20 21:45:27 Diretório Log: C:\Users\luiz.carlos\Desktop\Estudo\TCC\Dados\Extracao\Log
2021-03-20 21:45:27 Diretório Err: C:\Users\luiz.carlos\Desktop\Estudo\TCC\Dados\Extracao\Err
2021-03-20 21:45:27 Buscando configurações ciclo - PY001
2021-03-20 21:45:50 Buscando configurações diretório - PY001
2021-03-20 21:45:50 Diretório Extração: C:\Users\luiz.carlos\Desktop\Estudo\TCC\Dados\Extracao
2021-03-20 21:45:50 Diretório Tmp: C:\Users\luiz.carlos\Desktop\Estudo\TCC\Dados\Extracao\Temp
2021-03-20 21:45:50 Diretório Send: C:\Users\luiz.carlos\Desktop\Estudo\TCC\Dados\Extracao\Send
2021-03-20 21:45:50 Diretório Log: C:\Users\luiz.carlos\Desktop\Estudo\TCC\Dados\Extracao\Log
2021-03-20 21:45:50 Diretório Err: C:\Users\luiz.carlos\Desktop\Estudo\TCC\Dados\Extracao\Err
2021-03-20 21:45:50 Buscando configurações ciclo - PY001
2021-03-20 21:46:38 Buscando configurações diretório - PY001
2021-03-20 21:46:38 Diretório Extração: C:\Users\luiz.carlos\Desktop\Estudo\TCC\Dados\Extracao
2021-03-20 21:46:38 Diretório Tmp: C:\Users\luiz.carlos\Desktop\Estudo\TCC\Dados\Extracao\Temp
2021-03-20 21:46:38 Diretório Send: C:\Users\luiz.carlos\Desktop\Estudo\TCC\Dados\Extracao\Send
2021-03-20 21:46:38 Diretório Log: C:\Users\luiz.carlos\Desktop\Estudo\TCC\Dados\Extracao\Log
2021-03-20 21:46:38 Diretório Err: C:\Users\luiz.carlos\Desktop\Estudo\TCC\Dados\Extracao\Err
2021-03-20 21:46:38 Buscando configurações ciclo - PY001
2021-03-20 21:47:08 Buscando configurações diretório - PY001
2021-03-20 21:47:08 Diretório Extração: C:\Users\luiz.carlos\Desktop\Estudo\TCC\Dados\Extracao
2021-03-20 21:47:08 Diretório Tmp: C:\Users\luiz.carlos\Desktop\Estudo\TCC\Dados\Extracao\Temp
2021-03-20 21:47:08 Diretório Send: C:\Users\luiz.carlos\Desktop\Estudo\TCC\Dados\Extracao\Send
2021-03-20 21:47:08 Diretório Log: C:\Users\luiz.carlos\Desktop\Estudo\TCC\Dados\Extracao\Log
2021-03-20 21:47:08 Diretório Err: C:\Users\luiz.carlos\Desktop\Estudo\TCC\Dados\Extracao\Err
2021-03-20 21:47:08 Buscando configurações ciclo - PY001
2021-03-20 21:47:55 Buscando configurações diretório - PY001
2021-03-20 21:47:55 Diretório Extração: C:\Users\luiz.carlos\Desktop\Estudo\TCC\Dados\Extracao
2021-03-20 21:47:55 Diretório Tmp: C:\Users\luiz.carlos\Desktop\Estudo\TCC\Dados\Extracao\Temp
2021-03-20 21:47:55 Diretório Send: C:\Users\luiz.carlos\Desktop\Estudo\TCC\Dados\Extracao\Send
2021-03-20 21:47:55 Diretório Log: C:\Users\luiz.carlos\Desktop\Estudo\TCC\Dados\Extracao\Log
2021-03-20 21:47:55 Diretório Err: C:\Users\luiz.carlos\Desktop\Estudo\TCC\Dados\Extracao\Err
2021-03-20 21:47:55 Buscando configurações ciclo - PY001
2021-03-20 21:48:29 Buscando configurações diretório - PY001
2021-03-20 21:48:29 Diretório Extração: C:\Users\luiz.carlos\Desktop\Estudo\TCC\Dados\Extracao
2021-03-20 21:48:29 Diretório Tmp: C:\Users\luiz.carlos\Desktop\Estudo\TCC\Dados\Extracao\Temp
2021-03-20 21:48:29 Diretório Send: C:\Users\luiz.carlos\Desktop\Estudo\TCC\Dados\Extracao\Send
2021-03-20 21:48:29 Diretório Log: C:\Users\luiz.carlos\Desktop\Estudo\TCC\Dados\Extracao\Log
2021-03-20 21:48:29 Diretório Err: C:\Users\luiz.carlos\Desktop\Estudo\TCC\Dados\Extracao\Err
2021-03-20 21:48:29 Buscando configurações ciclo - PY002
2021-03-20 21:49:13 Buscando configurações diretório - PY002
2021-03-20 21:49:13 Diretório Extração: C:\Users\luiz.carlos\Desktop\Estudo\TCC\Dados\Extracao
2021-03-20 21:49:13 Diretório Tmp: C:\Users\luiz.carlos\Desktop\Estudo\TCC\Dados\Extracao\Temp
2021-03-20 21:49:13 Diretório Send: C:\Users\luiz.carlos\Desktop\Estudo\TCC\Dados\Extracao\Send
2021-03-20 21:49:13 Diretório Log: C:\Users\luiz.carlos\Desktop\Estudo\TCC\Dados\Extracao\Log
2021-03-20 21:49:13 Diretório Err: C:\Users\luiz.carlos\Desktop\Estudo\TCC\Dados\Extracao\Err
2021-03-20 21:49:13 Buscando configurações ciclo - PY002
2021-03-20 21:49:25 Buscando configurações diretório - PY002
2021-03-20 21:49:25 Diretório Extração: C:\Users\luiz.carlos\Desktop\Estudo\TCC\Dados\Extracao
2021-03-20 21:49:25 Diretório Tmp: C:\Users\luiz.carlos\Desktop\Estudo\TCC\Dados\Extracao\Temp
2021-03-20 21:49:25 Diretório Send: C:\Users\luiz.carlos\Desktop\Estudo\TCC\Dados\Extracao\Send
2021-03-20 21:49:25 Diretório Log: C:\Users\luiz.carlos\Desktop\Estudo\TCC\Dados\Extracao\Log
2021-03-20 21:49:25 Diretório Err: C:\Users\luiz.carlos\Desktop\Estudo\TCC\Dados\Extracao\Err
2021-03-20 21:49:25 Buscando configurações ciclo - PY002
2021-03-20 21:50:06 Buscando configurações diretório - PY002
2021-03-20 21:50:06 Diretório Extração: C:\Users\luiz.carlos\Desktop\Estudo\TCC\Dados\Extracao
2021-03-20 21:50:06 Diretório Tmp: C:\Users\luiz.carlos\Desktop\Estudo\TCC\Dados\Extracao\Temp
2021-03-20 21:50:06 Diretório Send: C:\Users\luiz.carlos\Desktop\Estudo\TCC\Dados\Extracao\Send
2021-03-20 21:50:06 Diretório Log: C:\Users\luiz.carlos\Desktop\Estudo\TCC\Dados\Extracao\Log
2021-03-20 21:50:06 Diretório Err: C:\Users\luiz.carlos\Desktop\Estudo\TCC\Dados\Extracao\Err
2021-03-20 21:50:06 Buscando configurações ciclo - PY002
2021-03-20 21:51:18 Buscando configurações diretório - PY002
2021-03-20 21:51:18 Diretório Extração: C:\Users\luiz.carlos\Desktop\Estudo\TCC\Dados\Extracao
2021-03-20 21:51:18 Diretório Tmp: C:\Users\luiz.carlos\Desktop\Estudo\TCC\Dados\Extracao\Temp
2021-03-20 21:51:18 Diretório Send: C:\Users\luiz.carlos\Desktop\Estudo\TCC\Dados\Extracao\Send
2021-03-20 21:51:18 Diretório Log: C:\Users\luiz.carlos\Desktop\Estudo\TCC\Dados\Extracao\Log
2021-03-20 21:51:18 Diretório Err: C:\Users\luiz.carlos\Desktop\Estudo\TCC\Dados\Extracao\Err
2021-03-20 21:51:18 Buscando configurações ciclo - PY002
2021-03-20 21:53:16 Buscando configurações diretório - PY002
2021-03-20 21:53:16 Diretório Extração: C:\Users\luiz.carlos\Desktop\Estudo\TCC\Dados\Extracao
2021-03-20 21:53:16 Diretório Tmp: C:\Users\luiz.carlos\Desktop\Estudo\TCC\Dados\Extracao\Temp
2021-03-20 21:53:16 Diretório Send: C:\Users\luiz.carlos\Desktop\Estudo\TCC\Dados\Extracao\Send
2021-03-20 21:53:16 Diretório Log: C:\Users\luiz.carlos\Desktop\Estudo\TCC\Dados\Extracao\Log
2021-03-20 21:53:16 Diretório Err: C:\Users\luiz.carlos\Desktop\Estudo\TCC\Dados\Extracao\Err
2021-03-20 21:53:16 Buscando configurações ciclo - PY002
2021-03-29 23:13:15 Buscando configurações diretório - PY002
2021-03-29 23:13:15 Diretório Extração: C:\Users\luiz.carlos\Desktop\Estudo\TCC\Dados\Extracao
2021-03-29 23:13:15 Diretório Tmp: C:\Users\luiz.carlos\Desktop\Estudo\TCC\Dados\Extracao\Temp
2021-03-29 23:13:15 Diretório Send: C:\Users\luiz.carlos\Desktop\Estudo\TCC\Dados\Extracao\Send
2021-03-29 23:13:15 Diretório Log: C:\Users\luiz.carlos\Desktop\Estudo\TCC\Dados\Extracao\Log
2021-03-29 23:13:15 Diretório Err: C:\Users\luiz.carlos\Desktop\Estudo\TCC\Dados\Extracao\Err
2021-03-29 23:13:15 Buscando configurações ciclo - PY002
2021-03-29 23:22:58 Buscando configurações diretório - PY002
2021-03-29 23:22:58 Diretório Extração: C:\Users\luiz.carlos\Desktop\Estudo\TCC\Dados\Extracao
2021-03-29 23:22:58 Diretório Tmp: C:\Users\luiz.carlos\Desktop\Estudo\TCC\Dados\Extracao\Temp
2021-03-29 23:22:58 Diretório Send: C:\Users\luiz.carlos\Desktop\Estudo\TCC\Dados\Extracao\Send
2021-03-29 23:22:58 Diretório Log: C:\Users\luiz.carlos\Desktop\Estudo\TCC\Dados\Extracao\Log
2021-03-29 23:22:58 Diretório Err: C:\Users\luiz.carlos\Desktop\Estudo\TCC\Dados\Extracao\Err
2021-03-29 23:22:58 Buscando configurações ciclo - PY002
2021-03-29 23:33:37 Buscando configurações diretório - PY002
2021-03-29 23:33:37 Diretório Extração: C:\Users\luiz.carlos\Desktop\Estudo\TCC\Dados\Extracao
2021-03-29 23:33:37 Diretório Tmp: C:\Users\luiz.carlos\Desktop\Estudo\TCC\Dados\Extracao\Temp
2021-03-29 23:33:37 Diretório Send: C:\Users\luiz.carlos\Desktop\Estudo\TCC\Dados\Extracao\Send
2021-03-29 23:33:37 Diretório Log: C:\Users\luiz.carlos\Desktop\Estudo\TCC\Dados\Extracao\Log
2021-03-29 23:33:37 Diretório Err: C:\Users\luiz.carlos\Desktop\Estudo\TCC\Dados\Extracao\Err
2021-03-29 23:33:37 Buscando configurações ciclo - PY002
2021-03-29 23:35:16 Buscando configurações diretório - PY002
2021-03-29 23:35:16 Diretório Extração: C:\Users\luiz.carlos\Desktop\Estudo\TCC\Dados\Extracao
2021-03-29 23:35:16 Diretório Tmp: C:\Users\luiz.carlos\Desktop\Estudo\TCC\Dados\Extracao\Temp
2021-03-29 23:35:16 Diretório Send: C:\Users\luiz.carlos\Desktop\Estudo\TCC\Dados\Extracao\Send
2021-03-29 23:35:16 Diretório Log: C:\Users\luiz.carlos\Desktop\Estudo\TCC\Dados\Extracao\Log
2021-03-29 23:35:16 Diretório Err: C:\Users\luiz.carlos\Desktop\Estudo\TCC\Dados\Extracao\Err
2021-03-29 23:35:16 Buscando configurações ciclo - PY002
2021-03-29 23:43:11 Buscando configurações diretório - PY002
2021-03-29 23:43:11 Diretório Extração: C:\Users\luiz.carlos\Desktop\Estudo\TCC\Dados\Extracao
2021-03-29 23:43:11 Diretório Tmp: C:\Users\luiz.carlos\Desktop\Estudo\TCC\Dados\Extracao\Temp
2021-03-29 23:43:11 Diretório Send: C:\Users\luiz.carlos\Desktop\Estudo\TCC\Dados\Extracao\Send
2021-03-29 23:43:11 Diretório Log: C:\Users\luiz.carlos\Desktop\Estudo\TCC\Dados\Extracao\Log
2021-03-29 23:43:11 Diretório Err: C:\Users\luiz.carlos\Desktop\Estudo\TCC\Dados\Extracao\Err
2021-03-29 23:43:11 Buscando configurações ciclo - PY002
2021-03-29 23:44:38 Buscando configurações diretório - PY002
2021-03-29 23:44:38 Diretório Extração: C:\Users\luiz.carlos\Desktop\Estudo\TCC\Dados\Extracao
2021-03-29 23:44:38 Diretório Tmp: C:\Users\luiz.carlos\Desktop\Estudo\TCC\Dados\Extracao\Temp
2021-03-29 23:44:38 Diretório Send: C:\Users\luiz.carlos\Desktop\Estudo\TCC\Dados\Extracao\Send
2021-03-29 23:44:38 Diretório Log: C:\Users\luiz.carlos\Desktop\Estudo\TCC\Dados\Extracao\Log
2021-03-29 23:44:38 Diretório Err: C:\Users\luiz.carlos\Desktop\Estudo\TCC\Dados\Extracao\Err
2021-03-29 23:44:38 Buscando configurações ciclo - PY002
2021-03-29 23:47:27 Buscando configurações diretório - PY002
2021-03-29 23:47:27 Diretório Extração: C:\Users\luiz.carlos\Desktop\Estudo\TCC\Dados\Extracao
2021-03-29 23:47:27 Diretório Tmp: C:\Users\luiz.carlos\Desktop\Estudo\TCC\Dados\Extracao\Temp
2021-03-29 23:47:27 Diretório Send: C:\Users\luiz.carlos\Desktop\Estudo\TCC\Dados\Extracao\Send
2021-03-29 23:47:27 Diretório Log: C:\Users\luiz.carlos\Desktop\Estudo\TCC\Dados\Extracao\Log
2021-03-29 23:47:27 Diretório Err: C:\Users\luiz.carlos\Desktop\Estudo\TCC\Dados\Extracao\Err
2021-03-29 23:47:27 Buscando configurações ciclo - PY002
2021-03-29 23:50:06 Buscando configurações diretório - PY002
2021-03-29 23:50:06 Diretório Extração: C:\Users\luiz.carlos\Desktop\Estudo\TCC\Dados\Extracao
2021-03-29 23:50:06 Diretório Tmp: C:\Users\luiz.carlos\Desktop\Estudo\TCC\Dados\Extracao\Temp
2021-03-29 23:50:06 Diretório Send: C:\Users\luiz.carlos\Desktop\Estudo\TCC\Dados\Extracao\Send
2021-03-29 23:50:06 Diretório Log: C:\Users\luiz.carlos\Desktop\Estudo\TCC\Dados\Extracao\Log
2021-03-29 23:50:06 Diretório Err: C:\Users\luiz.carlos\Desktop\Estudo\TCC\Dados\Extracao\Err
2021-03-29 23:50:06 Buscando configurações ciclo - PY002
2021-03-29 23:53:47 Buscando configurações diretório - PY002
2021-03-29 23:53:47 Diretório Extração: C:\Users\luiz.carlos\Desktop\Estudo\TCC\Dados\Extracao
2021-03-29 23:53:47 Diretório Tmp: C:\Users\luiz.carlos\Desktop\Estudo\TCC\Dados\Extracao\Temp
2021-03-29 23:53:47 Diretório Send: C:\Users\luiz.carlos\Desktop\Estudo\TCC\Dados\Extracao\Send
2021-03-29 23:53:47 Diretório Log: C:\Users\luiz.carlos\Desktop\Estudo\TCC\Dados\Extracao\Log
2021-03-29 23:53:47 Diretório Err: C:\Users\luiz.carlos\Desktop\Estudo\TCC\Dados\Extracao\Err
2021-03-29 23:53:47 Buscando configurações ciclo - PY002
2021-03-29 23:54:53 Buscando configurações diretório - PY002
2021-03-29 23:54:53 Diretório Extração: C:\Users\luiz.carlos\Desktop\Estudo\TCC\Dados\Extracao
2021-03-29 23:54:53 Diretório Tmp: C:\Users\luiz.carlos\Desktop\Estudo\TCC\Dados\Extracao\Temp
2021-03-29 23:54:53 Diretório Send: C:\Users\luiz.carlos\Desktop\Estudo\TCC\Dados\Extracao\Send
2021-03-29 23:54:53 Diretório Log: C:\Users\luiz.carlos\Desktop\Estudo\TCC\Dados\Extracao\Log
2021-03-29 23:54:53 Diretório Err: C:\Users\luiz.carlos\Desktop\Estudo\TCC\Dados\Extracao\Err
2021-03-29 23:54:53 Buscando configurações ciclo - PY002
2021-03-29 23:58:17 Buscando configurações diretório - PY002
2021-03-29 23:58:17 Diretório Extração: C:\Users\luiz.carlos\Desktop\Estudo\TCC\Dados\Extracao
2021-03-29 23:58:17 Diretório Tmp: C:\Users\luiz.carlos\Desktop\Estudo\TCC\Dados\Extracao\Temp
2021-03-29 23:58:17 Diretório Send: C:\Users\luiz.carlos\Desktop\Estudo\TCC\Dados\Extracao\Send
2021-03-29 23:58:17 Diretório Log: C:\Users\luiz.carlos\Desktop\Estudo\TCC\Dados\Extracao\Log
2021-03-29 23:58:17 Diretório Err: C:\Users\luiz.carlos\Desktop\Estudo\TCC\Dados\Extracao\Err
2021-03-29 23:58:17 Buscando configurações ciclo - PY002
2021-03-29 23:58:51 Buscando configurações diretório - PY002
2021-03-29 23:58:51 Diretório Extração: C:\Users\luiz.carlos\Desktop\Estudo\TCC\Dados\Extracao
2021-03-29 23:58:51 Diretório Tmp: C:\Users\luiz.carlos\Desktop\Estudo\TCC\Dados\Extracao\Temp
2021-03-29 23:58:51 Diretório Send: C:\Users\luiz.carlos\Desktop\Estudo\TCC\Dados\Extracao\Send
2021-03-29 23:58:51 Diretório Log: C:\Users\luiz.carlos\Desktop\Estudo\TCC\Dados\Extracao\Log
2021-03-29 23:58:51 Diretório Err: C:\Users\luiz.carlos\Desktop\Estudo\TCC\Dados\Extracao\Err
2021-03-29 23:58:51 Buscando configurações ciclo - PY002
2021-03-29 23:59:14 Buscando configurações diretório - PY002
2021-03-29 23:59:14 Diretório Extração: C:\Users\luiz.carlos\Desktop\Estudo\TCC\Dados\Extracao
2021-03-29 23:59:14 Diretório Tmp: C:\Users\luiz.carlos\Desktop\Estudo\TCC\Dados\Extracao\Temp
2021-03-29 23:59:14 Diretório Send: C:\Users\luiz.carlos\Desktop\Estudo\TCC\Dados\Extracao\Send
2021-03-29 23:59:14 Diretório Log: C:\Users\luiz.carlos\Desktop\Estudo\TCC\Dados\Extracao\Log
2021-03-29 23:59:14 Diretório Err: C:\Users\luiz.carlos\Desktop\Estudo\TCC\Dados\Extracao\Err
2021-03-29 23:59:14 Buscando configurações ciclo - PY002
2021-03-30 00:06:40 Buscando configurações diretório - PY002
2021-03-30 00:06:40 Diretório Extração: C:\Users\luiz.carlos\Desktop\Estudo\TCC\Dados\Extracao
2021-03-30 00:06:40 Diretório Tmp: C:\Users\luiz.carlos\Desktop\Estudo\TCC\Dados\Extracao\Temp
2021-03-30 00:06:40 Diretório Send: C:\Users\luiz.carlos\Desktop\Estudo\TCC\Dados\Extracao\Send
2021-03-30 00:06:40 Diretório Log: C:\Users\luiz.carlos\Desktop\Estudo\TCC\Dados\Extracao\Log
2021-03-30 00:06:40 Diretório Err: C:\Users\luiz.carlos\Desktop\Estudo\TCC\Dados\Extracao\Err
2021-03-30 00:06:40 Buscando configurações ciclo - PY002
2021-03-30 00:15:29 Buscando configurações diretório - PY002
2021-03-30 00:15:29 Diretório Extração: C:\Users\luiz.carlos\Desktop\Estudo\TCC\Dados\Extracao
2021-03-30 00:15:29 Diretório Tmp: C:\Users\luiz.carlos\Desktop\Estudo\TCC\Dados\Extracao\Temp
2021-03-30 00:15:29 Diretório Send: C:\Users\luiz.carlos\Desktop\Estudo\TCC\Dados\Extracao\Send
2021-03-30 00:15:29 Diretório Log: C:\Users\luiz.carlos\Desktop\Estudo\TCC\Dados\Extracao\Log
2021-03-30 00:15:29 Diretório Err: C:\Users\luiz.carlos\Desktop\Estudo\TCC\Dados\Extracao\Err
2021-03-30 00:15:29 Buscando configurações ciclo - PY002
2021-03-30 00:18:52 Buscando configurações diretório - PY002
2021-03-30 00:18:52 Diretório Extração: C:\Users\luiz.carlos\Desktop\Estudo\TCC\Dados\Extracao
2021-03-30 00:18:52 Diretório Tmp: C:\Users\luiz.carlos\Desktop\Estudo\TCC\Dados\Extracao\Temp
2021-03-30 00:18:52 Diretório Send: C:\Users\luiz.carlos\Desktop\Estudo\TCC\Dados\Extracao\Send
2021-03-30 00:18:52 Diretório Log: C:\Users\luiz.carlos\Desktop\Estudo\TCC\Dados\Extracao\Log
2021-03-30 00:18:52 Diretório Err: C:\Users\luiz.carlos\Desktop\Estudo\TCC\Dados\Extracao\Err
2021-03-30 00:18:52 Buscando configurações ciclo - PY002
2021-03-30 00:19:33 Buscando configurações diretório - PY002
2021-03-30 00:19:33 Diretório Extração: C:\Users\luiz.carlos\Desktop\Estudo\TCC\Dados\Extracao
2021-03-30 00:19:33 Diretório Tmp: C:\Users\luiz.carlos\Desktop\Estudo\TCC\Dados\Extracao\Temp
2021-03-30 00:19:33 Diretório Send: C:\Users\luiz.carlos\Desktop\Estudo\TCC\Dados\Extracao\Send
2021-03-30 00:19:33 Diretório Log: C:\Users\luiz.carlos\Desktop\Estudo\TCC\Dados\Extracao\Log
2021-03-30 00:19:33 Diretório Err: C:\Users\luiz.carlos\Desktop\Estudo\TCC\Dados\Extracao\Err
2021-03-30 00:19:33 Buscando configurações ciclo - PY002
2021-03-30 00:20:32 Buscando configurações diretório - PY002
2021-03-30 00:20:32 Diretório Extração: C:\Users\luiz.carlos\Desktop\Estudo\TCC\Dados\Extracao
2021-03-30 00:20:32 Diretório Tmp: C:\Users\luiz.carlos\Desktop\Estudo\TCC\Dados\Extracao\Temp
2021-03-30 00:20:32 Diretório Send: C:\Users\luiz.carlos\Desktop\Estudo\TCC\Dados\Extracao\Send
2021-03-30 00:20:32 Diretório Log: C:\Users\luiz.carlos\Desktop\Estudo\TCC\Dados\Extracao\Log
2021-03-30 00:20:32 Diretório Err: C:\Users\luiz.carlos\Desktop\Estudo\TCC\Dados\Extracao\Err
2021-03-30 00:20:32 Buscando configurações ciclo - PY002
2021-03-30 00:29:48 Buscando configurações diretório - PY002
2021-03-30 00:29:48 Diretório Extração: C:\Users\luiz.carlos\Desktop\Estudo\TCC\Dados\Extracao
2021-03-30 00:29:48 Diretório Tmp: C:\Users\luiz.carlos\Desktop\Estudo\TCC\Dados\Extracao\Temp
2021-03-30 00:29:48 Diretório Send: C:\Users\luiz.carlos\Desktop\Estudo\TCC\Dados\Extracao\Send
2021-03-30 00:29:48 Diretório Log: C:\Users\luiz.carlos\Desktop\Estudo\TCC\Dados\Extracao\Log
2021-03-30 00:29:48 Diretório Err: C:\Users\luiz.carlos\Desktop\Estudo\TCC\Dados\Extracao\Err
2021-03-30 00:29:48 Buscando configurações ciclo - PY002
2021-03-30 00:30:35 Buscando configurações diretório - PY002
2021-03-30 00:30:35 Diretório Extração: C:\Users\luiz.carlos\Desktop\Estudo\TCC\Dados\Extracao
2021-03-30 00:30:35 Diretório Tmp: C:\Users\luiz.carlos\Desktop\Estudo\TCC\Dados\Extracao\Temp
2021-03-30 00:30:35 Diretório Send: C:\Users\luiz.carlos\Desktop\Estudo\TCC\Dados\Extracao\Send
2021-03-30 00:30:35 Diretório Log: C:\Users\luiz.carlos\Desktop\Estudo\TCC\Dados\Extracao\Log
2021-03-30 00:30:35 Diretório Err: C:\Users\luiz.carlos\Desktop\Estudo\TCC\Dados\Extracao\Err
2021-03-30 00:30:35 Buscando configurações ciclo - PY002
2021-03-30 00:33:09 Buscando configurações diretório - PY002
2021-03-30 00:33:09 Diretório Extração: C:\Users\luiz.carlos\Desktop\Estudo\TCC\Dados\Extracao
2021-03-30 00:33:09 Diretório Tmp: C:\Users\luiz.carlos\Desktop\Estudo\TCC\Dados\Extracao\Temp
2021-03-30 00:33:09 Diretório Send: C:\Users\luiz.carlos\Desktop\Estudo\TCC\Dados\Extracao\Send
2021-03-30 00:33:09 Diretório Log: C:\Users\luiz.carlos\Desktop\Estudo\TCC\Dados\Extracao\Log
2021-03-30 00:33:09 Diretório Err: C:\Users\luiz.carlos\Desktop\Estudo\TCC\Dados\Extracao\Err
2021-03-30 00:33:09 Buscando configurações ciclo - PY002
2021-03-30 00:33:52 Buscando configurações diretório - PY002
2021-03-30 00:33:52 Diretório Extração: C:\Users\luiz.carlos\Desktop\Estudo\TCC\Dados\Extracao
2021-03-30 00:33:52 Diretório Tmp: C:\Users\luiz.carlos\Desktop\Estudo\TCC\Dados\Extracao\Temp
2021-03-30 00:33:52 Diretório Send: C:\Users\luiz.carlos\Desktop\Estudo\TCC\Dados\Extracao\Send
2021-03-30 00:33:52 Diretório Log: C:\Users\luiz.carlos\Desktop\Estudo\TCC\Dados\Extracao\Log
2021-03-30 00:33:52 Diretório Err: C:\Users\luiz.carlos\Desktop\Estudo\TCC\Dados\Extracao\Err
2021-03-30 00:33:52 Buscando configurações ciclo - PY002
2021-03-30 00:34:35 Buscando configurações diretório - PY002
2021-03-30 00:34:35 Diretório Extração: C:\Users\luiz.carlos\Desktop\Estudo\TCC\Dados\Extracao
2021-03-30 00:34:35 Diretório Tmp: C:\Users\luiz.carlos\Desktop\Estudo\TCC\Dados\Extracao\Temp
2021-03-30 00:34:35 Diretório Send: C:\Users\luiz.carlos\Desktop\Estudo\TCC\Dados\Extracao\Send
2021-03-30 00:34:35 Diretório Log: C:\Users\luiz.carlos\Desktop\Estudo\TCC\Dados\Extracao\Log
2021-03-30 00:34:35 Diretório Err: C:\Users\luiz.carlos\Desktop\Estudo\TCC\Dados\Extracao\Err
2021-03-30 00:34:35 Buscando configurações ciclo - PY002
2021-03-30 00:40:59 Buscando configurações diretório - PY002
2021-03-30 00:40:59 Diretório Extração: C:\Users\luiz.carlos\Desktop\Estudo\TCC\Dados\Extracao
2021-03-30 00:40:59 Diretório Tmp: C:\Users\luiz.carlos\Desktop\Estudo\TCC\Dados\Extracao\Temp
2021-03-30 00:40:59 Diretório Send: C:\Users\luiz.carlos\Desktop\Estudo\TCC\Dados\Extracao\Send
2021-03-30 00:40:59 Diretório Log: C:\Users\luiz.carlos\Desktop\Estudo\TCC\Dados\Extracao\Log
2021-03-30 00:40:59 Diretório Err: C:\Users\luiz.carlos\Desktop\Estudo\TCC\Dados\Extracao\Err
2021-03-30 00:40:59 Buscando configurações ciclo - PY002
2021-03-30 00:42:16 Buscando configurações diretório - PY002
2021-03-30 00:42:16 Diretório Extração: C:\Users\luiz.carlos\Desktop\Estudo\TCC\Dados\Extracao
2021-03-30 00:42:16 Diretório Tmp: C:\Users\luiz.carlos\Desktop\Estudo\TCC\Dados\Extracao\Temp
2021-03-30 00:42:16 Diretório Send: C:\Users\luiz.carlos\Desktop\Estudo\TCC\Dados\Extracao\Send
2021-03-30 00:42:16 Diretório Log: C:\Users\luiz.carlos\Desktop\Estudo\TCC\Dados\Extracao\Log
2021-03-30 00:42:16 Diretório Err: C:\Users\luiz.carlos\Desktop\Estudo\TCC\Dados\Extracao\Err
2021-03-30 00:42:16 Buscando configurações ciclo - PY002
2021-03-30 00:42:56 Buscando configurações diretório - PY002
2021-03-30 00:42:56 Diretório Extração: C:\Users\luiz.carlos\Desktop\Estudo\TCC\Dados\Extracao
2021-03-30 00:42:56 Diretório Tmp: C:\Users\luiz.carlos\Desktop\Estudo\TCC\Dados\Extracao\Temp
2021-03-30 00:42:56 Diretório Send: C:\Users\luiz.carlos\Desktop\Estudo\TCC\Dados\Extracao\Send
2021-03-30 00:42:56 Diretório Log: C:\Users\luiz.carlos\Desktop\Estudo\TCC\Dados\Extracao\Log
2021-03-30 00:42:56 Diretório Err: C:\Users\luiz.carlos\Desktop\Estudo\TCC\Dados\Extracao\Err
2021-03-30 00:42:56 Buscando configurações ciclo - PY002
2021-03-30 00:45:10 Buscando configurações diretório - PY002
2021-03-30 00:45:10 Diretório Extração: C:\Users\luiz.carlos\Desktop\Estudo\TCC\Dados\Extracao
2021-03-30 00:45:10 Diretório Tmp: C:\Users\luiz.carlos\Desktop\Estudo\TCC\Dados\Extracao\Temp
2021-03-30 00:45:10 Diretório Send: C:\Users\luiz.carlos\Desktop\Estudo\TCC\Dados\Extracao\Send
2021-03-30 00:45:10 Diretório Log: C:\Users\luiz.carlos\Desktop\Estudo\TCC\Dados\Extracao\Log
2021-03-30 00:45:10 Diretório Err: C:\Users\luiz.carlos\Desktop\Estudo\TCC\Dados\Extracao\Err
2021-03-30 00:45:10 Buscando configurações ciclo - PY002
2021-03-30 00:46:04 Buscando configurações diretório - PY002
2021-03-30 00:46:04 Diretório Extração: C:\Users\luiz.carlos\Desktop\Estudo\TCC\Dados\Extracao
2021-03-30 00:46:04 Diretório Tmp: C:\Users\luiz.carlos\Desktop\Estudo\TCC\Dados\Extracao\Temp
2021-03-30 00:46:04 Diretório Send: C:\Users\luiz.carlos\Desktop\Estudo\TCC\Dados\Extracao\Send
2021-03-30 00:46:04 Diretório Log: C:\Users\luiz.carlos\Desktop\Estudo\TCC\Dados\Extracao\Log
2021-03-30 00:46:04 Diretório Err: C:\Users\luiz.carlos\Desktop\Estudo\TCC\Dados\Extracao\Err
2021-03-30 00:46:04 Buscando configurações ciclo - PY002
2021-03-30 00:46:19 Buscando configurações diretório - PY002
2021-03-30 00:46:19 Diretório Extração: C:\Users\luiz.carlos\Desktop\Estudo\TCC\Dados\Extracao
2021-03-30 00:46:19 Diretório Tmp: C:\Users\luiz.carlos\Desktop\Estudo\TCC\Dados\Extracao\Temp
2021-03-30 00:46:19 Diretório Send: C:\Users\luiz.carlos\Desktop\Estudo\TCC\Dados\Extracao\Send
2021-03-30 00:46:19 Diretório Log: C:\Users\luiz.carlos\Desktop\Estudo\TCC\Dados\Extracao\Log
2021-03-30 00:46:19 Diretório Err: C:\Users\luiz.carlos\Desktop\Estudo\TCC\Dados\Extracao\Err
2021-03-30 00:46:19 Buscando configurações ciclo - PY002
2021-03-30 00:47:01 Buscando configurações diretório - PY002
2021-03-30 00:47:01 Diretório Extração: C:\Users\luiz.carlos\Desktop\Estudo\TCC\Dados\Extracao
2021-03-30 00:47:01 Diretório Tmp: C:\Users\luiz.carlos\Desktop\Estudo\TCC\Dados\Extracao\Temp
2021-03-30 00:47:01 Diretório Send: C:\Users\luiz.carlos\Desktop\Estudo\TCC\Dados\Extracao\Send
2021-03-30 00:47:01 Diretório Log: C:\Users\luiz.carlos\Desktop\Estudo\TCC\Dados\Extracao\Log
2021-03-30 00:47:01 Diretório Err: C:\Users\luiz.carlos\Desktop\Estudo\TCC\Dados\Extracao\Err
2021-03-30 00:47:01 Buscando configurações ciclo - PY002
2021-03-30 00:47:36 Buscando configurações diretório - PY002
2021-03-30 00:47:36 Diretório Extração: C:\Users\luiz.carlos\Desktop\Estudo\TCC\Dados\Extracao
2021-03-30 00:47:36 Diretório Tmp: C:\Users\luiz.carlos\Desktop\Estudo\TCC\Dados\Extracao\Temp
2021-03-30 00:47:36 Diretório Send: C:\Users\luiz.carlos\Desktop\Estudo\TCC\Dados\Extracao\Send
2021-03-30 00:47:36 Diretório Log: C:\Users\luiz.carlos\Desktop\Estudo\TCC\Dados\Extracao\Log
2021-03-30 00:47:36 Diretório Err: C:\Users\luiz.carlos\Desktop\Estudo\TCC\Dados\Extracao\Err
2021-03-30 00:47:36 Buscando configurações ciclo - PY002
2021-03-30 00:48:25 Buscando configurações diretório - PY002
2021-03-30 00:48:25 Diretório Extração: C:\Users\luiz.carlos\Desktop\Estudo\TCC\Dados\Extracao
2021-03-30 00:48:25 Diretório Tmp: C:\Users\luiz.carlos\Desktop\Estudo\TCC\Dados\Extracao\Temp
2021-03-30 00:48:25 Diretório Send: C:\Users\luiz.carlos\Desktop\Estudo\TCC\Dados\Extracao\Send
2021-03-30 00:48:25 Diretório Log: C:\Users\luiz.carlos\Desktop\Estudo\TCC\Dados\Extracao\Log
2021-03-30 00:48:25 Diretório Err: C:\Users\luiz.carlos\Desktop\Estudo\TCC\Dados\Extracao\Err
2021-03-30 00:48:25 Buscando configurações ciclo - PY002
2021-03-30 00:48:39 Buscando configurações diretório - PY002
2021-03-30 00:48:39 Diretório Extração: C:\Users\luiz.carlos\Desktop\Estudo\TCC\Dados\Extracao
2021-03-30 00:48:39 Diretório Tmp: C:\Users\luiz.carlos\Desktop\Estudo\TCC\Dados\Extracao\Temp
2021-03-30 00:48:39 Diretório Send: C:\Users\luiz.carlos\Desktop\Estudo\TCC\Dados\Extracao\Send
2021-03-30 00:48:39 Diretório Log: C:\Users\luiz.carlos\Desktop\Estudo\TCC\Dados\Extracao\Log
2021-03-30 00:48:39 Diretório Err: C:\Users\luiz.carlos\Desktop\Estudo\TCC\Dados\Extracao\Err
2021-03-30 00:48:39 Buscando configurações ciclo - PY002
2021-03-30 00:49:42 Buscando configurações diretório - PY002
2021-03-30 00:49:42 Diretório Extração: C:\Users\luiz.carlos\Desktop\Estudo\TCC\Dados\Extracao
2021-03-30 00:49:42 Diretório Tmp: C:\Users\luiz.carlos\Desktop\Estudo\TCC\Dados\Extracao\Temp
2021-03-30 00:49:42 Diretório Send: C:\Users\luiz.carlos\Desktop\Estudo\TCC\Dados\Extracao\Send
2021-03-30 00:49:42 Diretório Log: C:\Users\luiz.carlos\Desktop\Estudo\TCC\Dados\Extracao\Log
2021-03-30 00:49:42 Diretório Err: C:\Users\luiz.carlos\Desktop\Estudo\TCC\Dados\Extracao\Err
2021-03-30 00:49:42 Buscando configurações ciclo - PY002
2021-03-30 00:50:04 Buscando configurações diretório - PY002
2021-03-30 00:50:04 Diretório Extração: C:\Users\luiz.carlos\Desktop\Estudo\TCC\Dados\Extracao
2021-03-30 00:50:04 Diretório Tmp: C:\Users\luiz.carlos\Desktop\Estudo\TCC\Dados\Extracao\Temp
2021-03-30 00:50:04 Diretório Send: C:\Users\luiz.carlos\Desktop\Estudo\TCC\Dados\Extracao\Send
2021-03-30 00:50:04 Diretório Log: C:\Users\luiz.carlos\Desktop\Estudo\TCC\Dados\Extracao\Log
2021-03-30 00:50:04 Diretório Err: C:\Users\luiz.carlos\Desktop\Estudo\TCC\Dados\Extracao\Err
2021-03-30 00:50:04 Buscando configurações ciclo - PY002
2021-03-30 00:52:34 Buscando configurações diretório - PY002
2021-03-30 00:52:34 Diretório Extração: C:\Users\luiz.carlos\Desktop\Estudo\TCC\Dados\Extracao
2021-03-30 00:52:34 Diretório Tmp: C:\Users\luiz.carlos\Desktop\Estudo\TCC\Dados\Extracao\Temp
2021-03-30 00:52:34 Diretório Send: C:\Users\luiz.carlos\Desktop\Estudo\TCC\Dados\Extracao\Send
2021-03-30 00:52:34 Diretório Log: C:\Users\luiz.carlos\Desktop\Estudo\TCC\Dados\Extracao\Log
2021-03-30 00:52:34 Diretório Err: C:\Users\luiz.carlos\Desktop\Estudo\TCC\Dados\Extracao\Err
2021-03-30 00:52:34 Buscando configurações ciclo - PY002
2021-03-30 00:56:51 Buscando configurações diretório - PY002
2021-03-30 00:56:51 Diretório Extração: C:\Users\luiz.carlos\Desktop\Estudo\TCC\Dados\Extracao
2021-03-30 00:56:51 Diretório Tmp: C:\Users\luiz.carlos\Desktop\Estudo\TCC\Dados\Extracao\Temp
2021-03-30 00:56:51 Diretório Send: C:\Users\luiz.carlos\Desktop\Estudo\TCC\Dados\Extracao\Send
2021-03-30 00:56:51 Diretório Log: C:\Users\luiz.carlos\Desktop\Estudo\TCC\Dados\Extracao\Log
2021-03-30 00:56:51 Diretório Err: C:\Users\luiz.carlos\Desktop\Estudo\TCC\Dados\Extracao\Err
2021-03-30 00:56:51 Buscando configurações ciclo - PY002
2021-03-30 01:01:07 Buscando configurações diretório - PY002
2021-03-30 01:01:07 Diretório Extração: C:\Users\luiz.carlos\Desktop\Estudo\TCC\Dados\Extracao
2021-03-30 01:01:07 Diretório Tmp: C:\Users\luiz.carlos\Desktop\Estudo\TCC\Dados\Extracao\Temp
2021-03-30 01:01:07 Diretório Send: C:\Users\luiz.carlos\Desktop\Estudo\TCC\Dados\Extracao\Send
2021-03-30 01:01:07 Diretório Log: C:\Users\luiz.carlos\Desktop\Estudo\TCC\Dados\Extracao\Log
2021-03-30 01:01:07 Diretório Err: C:\Users\luiz.carlos\Desktop\Estudo\TCC\Dados\Extracao\Err
2021-03-30 01:01:07 Buscando configurações ciclo - PY002
2021-03-30 01:01:44 Buscando configurações diretório - PY002
2021-03-30 01:01:44 Diretório Extração: C:\Users\luiz.carlos\Desktop\Estudo\TCC\Dados\Extracao
2021-03-30 01:01:44 Diretório Tmp: C:\Users\luiz.carlos\Desktop\Estudo\TCC\Dados\Extracao\Temp
2021-03-30 01:01:44 Diretório Send: C:\Users\luiz.carlos\Desktop\Estudo\TCC\Dados\Extracao\Send
2021-03-30 01:01:44 Diretório Log: C:\Users\luiz.carlos\Desktop\Estudo\TCC\Dados\Extracao\Log
2021-03-30 01:01:44 Diretório Err: C:\Users\luiz.carlos\Desktop\Estudo\TCC\Dados\Extracao\Err
2021-03-30 01:01:44 Buscando configurações ciclo - PY002
2021-03-30 01:02:17 Buscando configurações diretório - PY002
2021-03-30 01:02:17 Diretório Extração: C:\Users\luiz.carlos\Desktop\Estudo\TCC\Dados\Extracao
2021-03-30 01:02:17 Diretório Tmp: C:\Users\luiz.carlos\Desktop\Estudo\TCC\Dados\Extracao\Temp
2021-03-30 01:02:17 Diretório Send: C:\Users\luiz.carlos\Desktop\Estudo\TCC\Dados\Extracao\Send
2021-03-30 01:02:17 Diretório Log: C:\Users\luiz.carlos\Desktop\Estudo\TCC\Dados\Extracao\Log
2021-03-30 01:02:17 Diretório Err: C:\Users\luiz.carlos\Desktop\Estudo\TCC\Dados\Extracao\Err
2021-03-30 01:02:17 Buscando configurações ciclo - PY002
2021-03-30 01:03:22 Buscando configurações diretório - PY002
2021-03-30 01:03:22 Diretório Extração: C:\Users\luiz.carlos\Desktop\Estudo\TCC\Dados\Extracao
2021-03-30 01:03:22 Diretório Tmp: C:\Users\luiz.carlos\Desktop\Estudo\TCC\Dados\Extracao\Temp
2021-03-30 01:03:22 Diretório Send: C:\Users\luiz.carlos\Desktop\Estudo\TCC\Dados\Extracao\Send
2021-03-30 01:03:22 Diretório Log: C:\Users\luiz.carlos\Desktop\Estudo\TCC\Dados\Extracao\Log
2021-03-30 01:03:22 Diretório Err: C:\Users\luiz.carlos\Desktop\Estudo\TCC\Dados\Extracao\Err
2021-03-30 01:03:22 Buscando configurações ciclo - PY002
2021-03-30 01:04:11 Buscando configurações diretório - PY002
2021-03-30 01:04:11 Diretório Extração: C:\Users\luiz.carlos\Desktop\Estudo\TCC\Dados\Extracao
2021-03-30 01:04:11 Diretório Tmp: C:\Users\luiz.carlos\Desktop\Estudo\TCC\Dados\Extracao\Temp
2021-03-30 01:04:11 Diretório Send: C:\Users\luiz.carlos\Desktop\Estudo\TCC\Dados\Extracao\Send
2021-03-30 01:04:11 Diretório Log: C:\Users\luiz.carlos\Desktop\Estudo\TCC\Dados\Extracao\Log
2021-03-30 01:04:11 Diretório Err: C:\Users\luiz.carlos\Desktop\Estudo\TCC\Dados\Extracao\Err
2021-03-30 01:04:11 Buscando configurações ciclo - PY002
2021-03-30 01:04:58 Buscando configurações diretório - PY002
2021-03-30 01:04:58 Diretório Extração: C:\Users\luiz.carlos\Desktop\Estudo\TCC\Dados\Extracao
2021-03-30 01:04:58 Diretório Tmp: C:\Users\luiz.carlos\Desktop\Estudo\TCC\Dados\Extracao\Temp
2021-03-30 01:04:58 Diretório Send: C:\Users\luiz.carlos\Desktop\Estudo\TCC\Dados\Extracao\Send
2021-03-30 01:04:58 Diretório Log: C:\Users\luiz.carlos\Desktop\Estudo\TCC\Dados\Extracao\Log
2021-03-30 01:04:58 Diretório Err: C:\Users\luiz.carlos\Desktop\Estudo\TCC\Dados\Extracao\Err
2021-03-30 01:04:58 Buscando configurações ciclo - PY002
2021-03-31 22:43:36 Buscando configurações diretório - PY003
2021-03-31 22:43:36 Diretório Extração: C:\Users\luiz.carlos\Desktop\Estudo\TCC\Dados\Extracao
2021-03-31 22:43:36 Diretório Tmp: C:\Users\luiz.carlos\Desktop\Estudo\TCC\Dados\Extracao\Temp
2021-03-31 22:43:36 Diretório Send: C:\Users\luiz.carlos\Desktop\Estudo\TCC\Dados\Extracao\Send
2021-03-31 22:43:36 Diretório Log: C:\Users\luiz.carlos\Desktop\Estudo\TCC\Dados\Extracao\Log
2021-03-31 22:43:36 Diretório Err: C:\Users\luiz.carlos\Desktop\Estudo\TCC\Dados\Extracao\Err
2021-03-31 22:43:36 Buscando configurações ciclo - PY003
2021-03-31 22:44:39 Buscando configurações diretório - PY003
2021-03-31 22:44:39 Diretório Extração: C:\Users\luiz.carlos\Desktop\Estudo\TCC\Dados\Extracao
2021-03-31 22:44:39 Diretório Tmp: C:\Users\luiz.carlos\Desktop\Estudo\TCC\Dados\Extracao\Temp
2021-03-31 22:44:39 Diretório Send: C:\Users\luiz.carlos\Desktop\Estudo\TCC\Dados\Extracao\Send
2021-03-31 22:44:39 Diretório Log: C:\Users\luiz.carlos\Desktop\Estudo\TCC\Dados\Extracao\Log
2021-03-31 22:44:39 Diretório Err: C:\Users\luiz.carlos\Desktop\Estudo\TCC\Dados\Extracao\Err
2021-03-31 22:44:39 Buscando configurações ciclo - PY003
2021-03-31 22:50:54 Buscando configurações diretório - PY003
2021-03-31 22:50:54 Diretório Extração: C:\Users\luiz.carlos\Desktop\Estudo\TCC\Dados\Extracao
2021-03-31 22:50:54 Diretório Tmp: C:\Users\luiz.carlos\Desktop\Estudo\TCC\Dados\Extracao\Temp
2021-03-31 22:50:54 Diretório Send: C:\Users\luiz.carlos\Desktop\Estudo\TCC\Dados\Extracao\Send
2021-03-31 22:50:54 Diretório Log: C:\Users\luiz.carlos\Desktop\Estudo\TCC\Dados\Extracao\Log
2021-03-31 22:50:54 Diretório Err: C:\Users\luiz.carlos\Desktop\Estudo\TCC\Dados\Extracao\Err
2021-03-31 22:50:54 Buscando configurações ciclo - PY003
2021-03-31 22:51:30 Buscando configurações diretório - PY003
2021-03-31 22:51:30 Diretório Extração: C:\Users\luiz.carlos\Desktop\Estudo\TCC\Dados\Extracao
2021-03-31 22:51:30 Diretório Tmp: C:\Users\luiz.carlos\Desktop\Estudo\TCC\Dados\Extracao\Temp
2021-03-31 22:51:30 Diretório Send: C:\Users\luiz.carlos\Desktop\Estudo\TCC\Dados\Extracao\Send
2021-03-31 22:51:30 Diretório Log: C:\Users\luiz.carlos\Desktop\Estudo\TCC\Dados\Extracao\Log
2021-03-31 22:51:30 Diretório Err: C:\Users\luiz.carlos\Desktop\Estudo\TCC\Dados\Extracao\Err
2021-03-31 22:51:30 Buscando configurações ciclo - PY003
2021-03-31 22:51:49 Buscando configurações diretório - PY003
2021-03-31 22:51:49 Diretório Extração: C:\Users\luiz.carlos\Desktop\Estudo\TCC\Dados\Extracao
2021-03-31 22:51:49 Diretório Tmp: C:\Users\luiz.carlos\Desktop\Estudo\TCC\Dados\Extracao\Temp
2021-03-31 22:51:49 Diretório Send: C:\Users\luiz.carlos\Desktop\Estudo\TCC\Dados\Extracao\Send
2021-03-31 22:51:49 Diretório Log: C:\Users\luiz.carlos\Desktop\Estudo\TCC\Dados\Extracao\Log
2021-03-31 22:51:49 Diretório Err: C:\Users\luiz.carlos\Desktop\Estudo\TCC\Dados\Extracao\Err
2021-03-31 22:51:49 Buscando configurações ciclo - PY003
2021-03-31 22:52:05 Buscando configurações diretório - PY003
2021-03-31 22:52:05 Diretório Extração: C:\Users\luiz.carlos\Desktop\Estudo\TCC\Dados\Extracao
2021-03-31 22:52:05 Diretório Tmp: C:\Users\luiz.carlos\Desktop\Estudo\TCC\Dados\Extracao\Temp
2021-03-31 22:52:05 Diretório Send: C:\Users\luiz.carlos\Desktop\Estudo\TCC\Dados\Extracao\Send
2021-03-31 22:52:05 Diretório Log: C:\Users\luiz.carlos\Desktop\Estudo\TCC\Dados\Extracao\Log
2021-03-31 22:52:05 Diretório Err: C:\Users\luiz.carlos\Desktop\Estudo\TCC\Dados\Extracao\Err
2021-03-31 22:52:05 Buscando configurações ciclo - PY003
2021-03-31 22:52:51 Buscando configurações diretório - PY003
2021-03-31 22:52:51 Diretório Extração: C:\Users\luiz.carlos\Desktop\Estudo\TCC\Dados\Extracao
2021-03-31 22:52:51 Diretório Tmp: C:\Users\luiz.carlos\Desktop\Estudo\TCC\Dados\Extracao\Temp
2021-03-31 22:52:51 Diretório Send: C:\Users\luiz.carlos\Desktop\Estudo\TCC\Dados\Extracao\Send
2021-03-31 22:52:51 Diretório Log: C:\Users\luiz.carlos\Desktop\Estudo\TCC\Dados\Extracao\Log
2021-03-31 22:52:51 Diretório Err: C:\Users\luiz.carlos\Desktop\Estudo\TCC\Dados\Extracao\Err
2021-03-31 22:52:51 Buscando configurações ciclo - PY003
2021-03-31 22:53:04 Buscando configurações diretório - PY003
2021-03-31 22:53:04 Diretório Extração: C:\Users\luiz.carlos\Desktop\Estudo\TCC\Dados\Extracao
2021-03-31 22:53:04 Diretório Tmp: C:\Users\luiz.carlos\Desktop\Estudo\TCC\Dados\Extracao\Temp
2021-03-31 22:53:04 Diretório Send: C:\Users\luiz.carlos\Desktop\Estudo\TCC\Dados\Extracao\Send
2021-03-31 22:53:04 Diretório Log: C:\Users\luiz.carlos\Desktop\Estudo\TCC\Dados\Extracao\Log
2021-03-31 22:53:04 Diretório Err: C:\Users\luiz.carlos\Desktop\Estudo\TCC\Dados\Extracao\Err
2021-03-31 22:53:04 Buscando configurações ciclo - PY003
2021-03-31 22:54:04 Buscando configurações diretório - PY003
2021-03-31 22:54:04 Diretório Extração: C:\Users\luiz.carlos\Desktop\Estudo\TCC\Dados\Extracao
2021-03-31 22:54:04 Diretório Tmp: C:\Users\luiz.carlos\Desktop\Estudo\TCC\Dados\Extracao\Temp
2021-03-31 22:54:04 Diretório Send: C:\Users\luiz.carlos\Desktop\Estudo\TCC\Dados\Extracao\Send
2021-03-31 22:54:04 Diretório Log: C:\Users\luiz.carlos\Desktop\Estudo\TCC\Dados\Extracao\Log
2021-03-31 22:54:04 Diretório Err: C:\Users\luiz.carlos\Desktop\Estudo\TCC\Dados\Extracao\Err
2021-03-31 22:54:04 Buscando configurações ciclo - PY003
2021-03-31 22:55:15 Buscando configurações diretório - PY003
2021-03-31 22:55:15 Diretório Extração: C:\Users\luiz.carlos\Desktop\Estudo\TCC\Dados\Extracao
2021-03-31 22:55:15 Diretório Tmp: C:\Users\luiz.carlos\Desktop\Estudo\TCC\Dados\Extracao\Temp
2021-03-31 22:55:15 Diretório Send: C:\Users\luiz.carlos\Desktop\Estudo\TCC\Dados\Extracao\Send
2021-03-31 22:55:15 Diretório Log: C:\Users\luiz.carlos\Desktop\Estudo\TCC\Dados\Extracao\Log
2021-03-31 22:55:15 Diretório Err: C:\Users\luiz.carlos\Desktop\Estudo\TCC\Dados\Extracao\Err
2021-03-31 22:55:15 Buscando configurações ciclo - PY003
2021-03-31 22:59:14 Buscando configurações diretório - PY003
2021-03-31 22:59:14 Diretório Extração: C:\Users\luiz.carlos\Desktop\Estudo\TCC\Dados\Extracao
2021-03-31 22:59:14 Diretório Tmp: C:\Users\luiz.carlos\Desktop\Estudo\TCC\Dados\Extracao\Temp
2021-03-31 22:59:14 Diretório Send: C:\Users\luiz.carlos\Desktop\Estudo\TCC\Dados\Extracao\Send
2021-03-31 22:59:14 Diretório Log: C:\Users\luiz.carlos\Desktop\Estudo\TCC\Dados\Extracao\Log
2021-03-31 22:59:14 Diretório Err: C:\Users\luiz.carlos\Desktop\Estudo\TCC\Dados\Extracao\Err
2021-03-31 22:59:14 Buscando configurações ciclo - PY003
2021-03-31 22:59:54 Buscando configurações diretório - PY003
2021-03-31 22:59:54 Diretório Extração: C:\Users\luiz.carlos\Desktop\Estudo\TCC\Dados\Extracao
2021-03-31 22:59:54 Diretório Tmp: C:\Users\luiz.carlos\Desktop\Estudo\TCC\Dados\Extracao\Temp
2021-03-31 22:59:54 Diretório Send: C:\Users\luiz.carlos\Desktop\Estudo\TCC\Dados\Extracao\Send
2021-03-31 22:59:54 Diretório Log: C:\Users\luiz.carlos\Desktop\Estudo\TCC\Dados\Extracao\Log
2021-03-31 22:59:54 Diretório Err: C:\Users\luiz.carlos\Desktop\Estudo\TCC\Dados\Extracao\Err
2021-03-31 22:59:54 Buscando configurações ciclo - PY003
2021-03-31 23:00:57 Buscando configurações diretório - PY003
2021-03-31 23:00:57 Diretório Extração: C:\Users\luiz.carlos\Desktop\Estudo\TCC\Dados\Extracao
2021-03-31 23:00:57 Diretório Tmp: C:\Users\luiz.carlos\Desktop\Estudo\TCC\Dados\Extracao\Temp
2021-03-31 23:00:57 Diretório Send: C:\Users\luiz.carlos\Desktop\Estudo\TCC\Dados\Extracao\Send
2021-03-31 23:00:57 Diretório Log: C:\Users\luiz.carlos\Desktop\Estudo\TCC\Dados\Extracao\Log
2021-03-31 23:00:57 Diretório Err: C:\Users\luiz.carlos\Desktop\Estudo\TCC\Dados\Extracao\Err
2021-03-31 23:00:57 Buscando configurações ciclo - PY003
2021-03-31 23:02:04 Buscando configurações diretório - PY003
2021-03-31 23:02:04 Diretório Extração: C:\Users\luiz.carlos\Desktop\Estudo\TCC\Dados\Extracao
2021-03-31 23:02:04 Diretório Tmp: C:\Users\luiz.carlos\Desktop\Estudo\TCC\Dados\Extracao\Temp
2021-03-31 23:02:04 Diretório Send: C:\Users\luiz.carlos\Desktop\Estudo\TCC\Dados\Extracao\Send
2021-03-31 23:02:04 Diretório Log: C:\Users\luiz.carlos\Desktop\Estudo\TCC\Dados\Extracao\Log
2021-03-31 23:02:04 Diretório Err: C:\Users\luiz.carlos\Desktop\Estudo\TCC\Dados\Extracao\Err
2021-03-31 23:02:04 Buscando configurações ciclo - PY003
2021-03-31 23:09:32 Buscando configurações diretório - PY003
2021-03-31 23:09:32 Diretório Extração: C:\Users\luiz.carlos\Desktop\Estudo\TCC\Dados\Extracao
2021-03-31 23:09:32 Diretório Tmp: C:\Users\luiz.carlos\Desktop\Estudo\TCC\Dados\Extracao\Temp
2021-03-31 23:09:32 Diretório Send: C:\Users\luiz.carlos\Desktop\Estudo\TCC\Dados\Extracao\Send
2021-03-31 23:09:32 Diretório Log: C:\Users\luiz.carlos\Desktop\Estudo\TCC\Dados\Extracao\Log
2021-03-31 23:09:32 Diretório Err: C:\Users\luiz.carlos\Desktop\Estudo\TCC\Dados\Extracao\Err
2021-03-31 23:09:32 Buscando configurações ciclo - PY003
2021-03-31 23:12:04 Buscando configurações diretório - PY003
2021-03-31 23:12:04 Diretório Extração: C:\Users\luiz.carlos\Desktop\Estudo\TCC\Dados\Extracao
2021-03-31 23:12:04 Diretório Tmp: C:\Users\luiz.carlos\Desktop\Estudo\TCC\Dados\Extracao\Temp
2021-03-31 23:12:04 Diretório Send: C:\Users\luiz.carlos\Desktop\Estudo\TCC\Dados\Extracao\Send
2021-03-31 23:12:04 Diretório Log: C:\Users\luiz.carlos\Desktop\Estudo\TCC\Dados\Extracao\Log
2021-03-31 23:12:04 Diretório Err: C:\Users\luiz.carlos\Desktop\Estudo\TCC\Dados\Extracao\Err
2021-03-31 23:12:04 Buscando configurações ciclo - PY003
2021-03-31 23:19:35 Buscando configurações diretório - PY003
2021-03-31 23:19:35 Diretório Extração: C:\Users\luiz.carlos\Desktop\Estudo\TCC\Dados\Extracao
2021-03-31 23:19:35 Diretório Tmp: C:\Users\luiz.carlos\Desktop\Estudo\TCC\Dados\Extracao\Temp
2021-03-31 23:19:35 Diretório Send: C:\Users\luiz.carlos\Desktop\Estudo\TCC\Dados\Extracao\Send
2021-03-31 23:19:35 Diretório Log: C:\Users\luiz.carlos\Desktop\Estudo\TCC\Dados\Extracao\Log
2021-03-31 23:19:35 Diretório Err: C:\Users\luiz.carlos\Desktop\Estudo\TCC\Dados\Extracao\Err
2021-03-31 23:19:35 Buscando configurações ciclo - PY003
2021-03-31 23:19:55 Buscando configurações diretório - PY003
2021-03-31 23:19:55 Diretório Extração: C:\Users\luiz.carlos\Desktop\Estudo\TCC\Dados\Extracao
2021-03-31 23:19:55 Diretório Tmp: C:\Users\luiz.carlos\Desktop\Estudo\TCC\Dados\Extracao\Temp
2021-03-31 23:19:55 Diretório Send: C:\Users\luiz.carlos\Desktop\Estudo\TCC\Dados\Extracao\Send
2021-03-31 23:19:55 Diretório Log: C:\Users\luiz.carlos\Desktop\Estudo\TCC\Dados\Extracao\Log
2021-03-31 23:19:55 Diretório Err: C:\Users\luiz.carlos\Desktop\Estudo\TCC\Dados\Extracao\Err
2021-03-31 23:19:55 Buscando configurações ciclo - PY003
2021-03-31 23:20:00 Buscando configurações diretório - PY003
2021-03-31 23:20:00 Diretório Extração: C:\Users\luiz.carlos\Desktop\Estudo\TCC\Dados\Extracao
2021-03-31 23:20:00 Diretório Tmp: C:\Users\luiz.carlos\Desktop\Estudo\TCC\Dados\Extracao\Temp
2021-03-31 23:20:00 Diretório Send: C:\Users\luiz.carlos\Desktop\Estudo\TCC\Dados\Extracao\Send
2021-03-31 23:20:00 Diretório Log: C:\Users\luiz.carlos\Desktop\Estudo\TCC\Dados\Extracao\Log
2021-03-31 23:20:00 Diretório Err: C:\Users\luiz.carlos\Desktop\Estudo\TCC\Dados\Extracao\Err
2021-03-31 23:20:00 Buscando configurações ciclo - PY003
2021-03-31 23:20:26 Buscando configurações diretório - PY003
2021-03-31 23:20:26 Diretório Extração: C:\Users\luiz.carlos\Desktop\Estudo\TCC\Dados\Extracao
2021-03-31 23:20:26 Diretório Tmp: C:\Users\luiz.carlos\Desktop\Estudo\TCC\Dados\Extracao\Temp
2021-03-31 23:20:26 Diretório Send: C:\Users\luiz.carlos\Desktop\Estudo\TCC\Dados\Extracao\Send
2021-03-31 23:20:26 Diretório Log: C:\Users\luiz.carlos\Desktop\Estudo\TCC\Dados\Extracao\Log
2021-03-31 23:20:26 Diretório Err: C:\Users\luiz.carlos\Desktop\Estudo\TCC\Dados\Extracao\Err
2021-03-31 23:20:26 Buscando configurações ciclo - PY003
2021-03-31 23:20:48 Buscando configurações diretório - PY003
2021-03-31 23:20:48 Diretório Extração: C:\Users\luiz.carlos\Desktop\Estudo\TCC\Dados\Extracao
2021-03-31 23:20:48 Diretório Tmp: C:\Users\luiz.carlos\Desktop\Estudo\TCC\Dados\Extracao\Temp
2021-03-31 23:20:48 Diretório Send: C:\Users\luiz.carlos\Desktop\Estudo\TCC\Dados\Extracao\Send
2021-03-31 23:20:48 Diretório Log: C:\Users\luiz.carlos\Desktop\Estudo\TCC\Dados\Extracao\Log
2021-03-31 23:20:48 Diretório Err: C:\Users\luiz.carlos\Desktop\Estudo\TCC\Dados\Extracao\Err
2021-03-31 23:20:48 Buscando configurações ciclo - PY003
2021-03-31 23:22:08 Buscando configurações diretório - PY003
2021-03-31 23:22:08 Diretório Extração: C:\Users\luiz.carlos\Desktop\Estudo\TCC\Dados\Extracao
2021-03-31 23:22:08 Diretório Tmp: C:\Users\luiz.carlos\Desktop\Estudo\TCC\Dados\Extracao\Temp
2021-03-31 23:22:08 Diretório Send: C:\Users\luiz.carlos\Desktop\Estudo\TCC\Dados\Extracao\Send
2021-03-31 23:22:08 Diretório Log: C:\Users\luiz.carlos\Desktop\Estudo\TCC\Dados\Extracao\Log
2021-03-31 23:22:08 Diretório Err: C:\Users\luiz.carlos\Desktop\Estudo\TCC\Dados\Extracao\Err
2021-03-31 23:22:08 Buscando configurações ciclo - PY003
2021-03-31 23:26:27 Buscando configurações diretório - PY003
2021-03-31 23:26:27 Diretório Extração: C:\Users\luiz.carlos\Desktop\Estudo\TCC\Dados\Extracao
2021-03-31 23:26:27 Diretório Tmp: C:\Users\luiz.carlos\Desktop\Estudo\TCC\Dados\Extracao\Temp
2021-03-31 23:26:27 Diretório Send: C:\Users\luiz.carlos\Desktop\Estudo\TCC\Dados\Extracao\Send
2021-03-31 23:26:27 Diretório Log: C:\Users\luiz.carlos\Desktop\Estudo\TCC\Dados\Extracao\Log
2021-03-31 23:26:27 Diretório Err: C:\Users\luiz.carlos\Desktop\Estudo\TCC\Dados\Extracao\Err
2021-03-31 23:26:27 Buscando configurações ciclo - PY003
2021-03-31 23:27:05 Buscando configurações diretório - PY003
2021-03-31 23:27:05 Diretório Extração: C:\Users\luiz.carlos\Desktop\Estudo\TCC\Dados\Extracao
2021-03-31 23:27:05 Diretório Tmp: C:\Users\luiz.carlos\Desktop\Estudo\TCC\Dados\Extracao\Temp
2021-03-31 23:27:05 Diretório Send: C:\Users\luiz.carlos\Desktop\Estudo\TCC\Dados\Extracao\Send
2021-03-31 23:27:05 Diretório Log: C:\Users\luiz.carlos\Desktop\Estudo\TCC\Dados\Extracao\Log
2021-03-31 23:27:05 Diretório Err: C:\Users\luiz.carlos\Desktop\Estudo\TCC\Dados\Extracao\Err
2021-03-31 23:27:05 Buscando configurações ciclo - PY003
2021-03-31 23:27:53 Buscando configurações diretório - PY003
2021-03-31 23:27:53 Diretório Extração: C:\Users\luiz.carlos\Desktop\Estudo\TCC\Dados\Extracao
2021-03-31 23:27:53 Diretório Tmp: C:\Users\luiz.carlos\Desktop\Estudo\TCC\Dados\Extracao\Temp
2021-03-31 23:27:53 Diretório Send: C:\Users\luiz.carlos\Desktop\Estudo\TCC\Dados\Extracao\Send
2021-03-31 23:27:53 Diretório Log: C:\Users\luiz.carlos\Desktop\Estudo\TCC\Dados\Extracao\Log
2021-03-31 23:27:53 Diretório Err: C:\Users\luiz.carlos\Desktop\Estudo\TCC\Dados\Extracao\Err
2021-03-31 23:27:53 Buscando configurações ciclo - PY003
2021-03-31 23:31:24 Buscando configurações diretório - PY003
2021-03-31 23:31:24 Diretório Extração: C:\Users\luiz.carlos\Desktop\Estudo\TCC\Dados\Extracao
2021-03-31 23:31:24 Diretório Tmp: C:\Users\luiz.carlos\Desktop\Estudo\TCC\Dados\Extracao\Temp
2021-03-31 23:31:24 Diretório Send: C:\Users\luiz.carlos\Desktop\Estudo\TCC\Dados\Extracao\Send
2021-03-31 23:31:24 Diretório Log: C:\Users\luiz.carlos\Desktop\Estudo\TCC\Dados\Extracao\Log
2021-03-31 23:31:24 Diretório Err: C:\Users\luiz.carlos\Desktop\Estudo\TCC\Dados\Extracao\Err
2021-03-31 23:31:24 Buscando configurações ciclo - PY003
2021-03-31 23:31:44 Buscando configurações diretório - PY003
2021-03-31 23:31:44 Diretório Extração: C:\Users\luiz.carlos\Desktop\Estudo\TCC\Dados\Extracao
2021-03-31 23:31:44 Diretório Tmp: C:\Users\luiz.carlos\Desktop\Estudo\TCC\Dados\Extracao\Temp
2021-03-31 23:31:44 Diretório Send: C:\Users\luiz.carlos\Desktop\Estudo\TCC\Dados\Extracao\Send
2021-03-31 23:31:44 Diretório Log: C:\Users\luiz.carlos\Desktop\Estudo\TCC\Dados\Extracao\Log
2021-03-31 23:31:44 Diretório Err: C:\Users\luiz.carlos\Desktop\Estudo\TCC\Dados\Extracao\Err
2021-03-31 23:31:44 Buscando configurações ciclo - PY003
2021-03-31 23:34:06 Buscando configurações diretório - PY003
2021-03-31 23:34:06 Diretório Extração: C:\Users\luiz.carlos\Desktop\Estudo\TCC\Dados\Extracao
2021-03-31 23:34:06 Diretório Tmp: C:\Users\luiz.carlos\Desktop\Estudo\TCC\Dados\Extracao\Temp
2021-03-31 23:34:06 Diretório Send: C:\Users\luiz.carlos\Desktop\Estudo\TCC\Dados\Extracao\Send
2021-03-31 23:34:06 Diretório Log: C:\Users\luiz.carlos\Desktop\Estudo\TCC\Dados\Extracao\Log
2021-03-31 23:34:06 Diretório Err: C:\Users\luiz.carlos\Desktop\Estudo\TCC\Dados\Extracao\Err
2021-03-31 23:34:06 Buscando configurações ciclo - PY003
2021-03-31 23:34:29 Buscando configurações diretório - PY002
2021-03-31 23:34:29 Diretório Extração: C:\Users\luiz.carlos\Desktop\Estudo\TCC\Dados\Extracao
2021-03-31 23:34:29 Diretório Tmp: C:\Users\luiz.carlos\Desktop\Estudo\TCC\Dados\Extracao\Temp
2021-03-31 23:34:29 Diretório Send: C:\Users\luiz.carlos\Desktop\Estudo\TCC\Dados\Extracao\Send
2021-03-31 23:34:29 Diretório Log: C:\Users\luiz.carlos\Desktop\Estudo\TCC\Dados\Extracao\Log
2021-03-31 23:34:29 Diretório Err: C:\Users\luiz.carlos\Desktop\Estudo\TCC\Dados\Extracao\Err
2021-03-31 23:34:29 Buscando configurações ciclo - PY002
2021-03-31 23:34:58 Buscando configurações diretório - PY002
2021-03-31 23:34:58 Diretório Extração: C:\Users\luiz.carlos\Desktop\Estudo\TCC\Dados\Extracao
2021-03-31 23:34:58 Diretório Tmp: C:\Users\luiz.carlos\Desktop\Estudo\TCC\Dados\Extracao\Temp
2021-03-31 23:34:58 Diretório Send: C:\Users\luiz.carlos\Desktop\Estudo\TCC\Dados\Extracao\Send
2021-03-31 23:34:58 Diretório Log: C:\Users\luiz.carlos\Desktop\Estudo\TCC\Dados\Extracao\Log
2021-03-31 23:34:58 Diretório Err: C:\Users\luiz.carlos\Desktop\Estudo\TCC\Dados\Extracao\Err
2021-03-31 23:34:58 Buscando configurações ciclo - PY002
2021-03-31 23:56:08 Buscando configurações diretório - PY002
2021-03-31 23:56:08 Diretório Extração: C:\Users\luiz.carlos\Desktop\Estudo\TCC\Dados\Extracao
2021-03-31 23:56:08 Diretório Tmp: C:\Users\luiz.carlos\Desktop\Estudo\TCC\Dados\Extracao\Temp
2021-03-31 23:56:08 Diretório Send: C:\Users\luiz.carlos\Desktop\Estudo\TCC\Dados\Extracao\Send
2021-03-31 23:56:08 Diretório Log: C:\Users\luiz.carlos\Desktop\Estudo\TCC\Dados\Extracao\Log
2021-03-31 23:56:08 Diretório Err: C:\Users\luiz.carlos\Desktop\Estudo\TCC\Dados\Extracao\Err
2021-03-31 23:56:08 Buscando configurações ciclo - PY002
2021-03-31 23:56:42 Buscando configurações diretório - PY003
2021-03-31 23:56:42 Diretório Extração: C:\Users\luiz.carlos\Desktop\Estudo\TCC\Dados\Extracao
2021-03-31 23:56:42 Diretório Tmp: C:\Users\luiz.carlos\Desktop\Estudo\TCC\Dados\Extracao\Temp
2021-03-31 23:56:42 Diretório Send: C:\Users\luiz.carlos\Desktop\Estudo\TCC\Dados\Extracao\Send
2021-03-31 23:56:42 Diretório Log: C:\Users\luiz.carlos\Desktop\Estudo\TCC\Dados\Extracao\Log
2021-03-31 23:56:42 Diretório Err: C:\Users\luiz.carlos\Desktop\Estudo\TCC\Dados\Extracao\Err
2021-03-31 23:56:42 Buscando configurações ciclo - PY003
2021-03-31 23:56:52 Buscando configurações diretório - PY002
2021-03-31 23:56:52 Diretório Extração: C:\Users\luiz.carlos\Desktop\Estudo\TCC\Dados\Extracao
2021-03-31 23:56:52 Diretório Tmp: C:\Users\luiz.carlos\Desktop\Estudo\TCC\Dados\Extracao\Temp
2021-03-31 23:56:52 Diretório Send: C:\Users\luiz.carlos\Desktop\Estudo\TCC\Dados\Extracao\Send
2021-03-31 23:56:52 Diretório Log: C:\Users\luiz.carlos\Desktop\Estudo\TCC\Dados\Extracao\Log
2021-03-31 23:56:52 Diretório Err: C:\Users\luiz.carlos\Desktop\Estudo\TCC\Dados\Extracao\Err
2021-03-31 23:56:52 Buscando configurações ciclo - PY002
2021-03-31 23:59:37 Buscando configurações diretório - PY002
2021-03-31 23:59:37 Diretório Extração: C:\Users\luiz.carlos\Desktop\Estudo\TCC\Dados\Extracao
2021-03-31 23:59:37 Diretório Tmp: C:\Users\luiz.carlos\Desktop\Estudo\TCC\Dados\Extracao\Temp
2021-03-31 23:59:37 Diretório Send: C:\Users\luiz.carlos\Desktop\Estudo\TCC\Dados\Extracao\Send
2021-03-31 23:59:37 Diretório Log: C:\Users\luiz.carlos\Desktop\Estudo\TCC\Dados\Extracao\Log
2021-03-31 23:59:37 Diretório Err: C:\Users\luiz.carlos\Desktop\Estudo\TCC\Dados\Extracao\Err
2021-03-31 23:59:37 Buscando configurações ciclo - PY002
2021-04-01 00:00:52 Buscando configurações diretório - PY003
2021-04-01 00:00:52 Diretório Extração: C:\Users\luiz.carlos\Desktop\Estudo\TCC\Dados\Extracao
2021-04-01 00:00:52 Diretório Tmp: C:\Users\luiz.carlos\Desktop\Estudo\TCC\Dados\Extracao\Temp
2021-04-01 00:00:52 Diretório Send: C:\Users\luiz.carlos\Desktop\Estudo\TCC\Dados\Extracao\Send
2021-04-01 00:00:52 Diretório Log: C:\Users\luiz.carlos\Desktop\Estudo\TCC\Dados\Extracao\Log
2021-04-01 00:00:52 Diretório Err: C:\Users\luiz.carlos\Desktop\Estudo\TCC\Dados\Extracao\Err
2021-04-01 00:00:52 Buscando configurações ciclo - PY003
2021-04-01 00:03:46 Buscando configurações diretório - PY002
2021-04-01 00:03:46 Diretório Extração: C:\Users\luiz.carlos\Desktop\Estudo\TCC\Dados\Extracao
2021-04-01 00:03:46 Diretório Tmp: C:\Users\luiz.carlos\Desktop\Estudo\TCC\Dados\Extracao\Temp
2021-04-01 00:03:46 Diretório Send: C:\Users\luiz.carlos\Desktop\Estudo\TCC\Dados\Extracao\Send
2021-04-01 00:03:46 Diretório Log: C:\Users\luiz.carlos\Desktop\Estudo\TCC\Dados\Extracao\Log
2021-04-01 00:03:46 Diretório Err: C:\Users\luiz.carlos\Desktop\Estudo\TCC\Dados\Extracao\Err
2021-04-01 00:03:46 Buscando configurações ciclo - PY002
2021-04-09 21:18:14 Buscando configurações diretório - PY001
2021-04-09 21:18:14 Diretório Extração: C:\Users\luiz.carlos\Desktop\Estudo\TCC\Dados\Extracao
2021-04-09 21:18:14 Diretório Tmp: C:\Users\luiz.carlos\Desktop\Estudo\TCC\Dados\Extracao\Temp
2021-04-09 21:18:14 Diretório Send: C:\Users\luiz.carlos\Desktop\Estudo\TCC\Dados\Extracao\Send
2021-04-09 21:18:14 Diretório Log: C:\Users\luiz.carlos\Desktop\Estudo\TCC\Dados\Extracao\Log
2021-04-09 21:18:14 Diretório Err: C:\Users\luiz.carlos\Desktop\Estudo\TCC\Dados\Extracao\Err
2021-04-09 21:18:14 Buscando configurações ciclo - PY001
2021-04-10 21:16:57 Buscando configurações diretório - PY002
2021-04-10 21:16:57 Diretório Extração: C:\Users\luiz.carlos\Desktop\Estudo\TCC\Dados\Extracao
2021-04-10 21:16:57 Diretório Tmp: C:\Users\luiz.carlos\Desktop\Estudo\TCC\Dados\Extracao\Temp
2021-04-10 21:16:57 Diretório Send: C:\Users\luiz.carlos\Desktop\Estudo\TCC\Dados\Extracao\Send
2021-04-10 21:16:57 Diretório Log: C:\Users\luiz.carlos\Desktop\Estudo\TCC\Dados\Extracao\Log
2021-04-10 21:16:57 Diretório Err: C:\Users\luiz.carlos\Desktop\Estudo\TCC\Dados\Extracao\Err
2021-04-10 21:16:57 Buscando configurações ciclo - PY002
2021-04-10 21:19:03 Buscando configurações diretório - PY001
2021-04-10 21:19:03 Diretório Extração: C:\Users\luiz.carlos\Desktop\Estudo\TCC\Dados\Extracao
2021-04-10 21:19:03 Diretório Tmp: C:\Users\luiz.carlos\Desktop\Estudo\TCC\Dados\Extracao\Temp
2021-04-10 21:19:03 Diretório Send: C:\Users\luiz.carlos\Desktop\Estudo\TCC\Dados\Extracao\Send
2021-04-10 21:19:03 Diretório Log: C:\Users\luiz.carlos\Desktop\Estudo\TCC\Dados\Extracao\Log
2021-04-10 21:19:03 Diretório Err: C:\Users\luiz.carlos\Desktop\Estudo\TCC\Dados\Extracao\Err
2021-04-10 21:19:03 Buscando configurações ciclo - PY001
2021-04-10 21:19:43 Buscando configurações diretório - PY001
2021-04-10 21:19:43 Diretório Extração: C:\Users\luiz.carlos\Desktop\Estudo\TCC\Dados\Extracao
2021-04-10 21:19:43 Diretório Tmp: C:\Users\luiz.carlos\Desktop\Estudo\TCC\Dados\Extracao\Temp
2021-04-10 21:19:43 Diretório Send: C:\Users\luiz.carlos\Desktop\Estudo\TCC\Dados\Extracao\Send
2021-04-10 21:19:43 Diretório Log: C:\Users\luiz.carlos\Desktop\Estudo\TCC\Dados\Extracao\Log
2021-04-10 21:19:43 Diretório Err: C:\Users\luiz.carlos\Desktop\Estudo\TCC\Dados\Extracao\Err
2021-04-10 21:19:43 Buscando configurações ciclo - PY001
2021-04-10 21:22:16 Buscando configurações diretório - PY001
2021-04-10 21:22:16 Diretório Extração: C:\Users\luiz.carlos\Desktop\Estudo\TCC\Dados\Extracao
2021-04-10 21:22:16 Diretório Tmp: C:\Users\luiz.carlos\Desktop\Estudo\TCC\Dados\Extracao\Temp
2021-04-10 21:22:16 Diretório Send: C:\Users\luiz.carlos\Desktop\Estudo\TCC\Dados\Extracao\Send
2021-04-10 21:22:16 Diretório Log: C:\Users\luiz.carlos\Desktop\Estudo\TCC\Dados\Extracao\Log
2021-04-10 21:22:16 Diretório Err: C:\Users\luiz.carlos\Desktop\Estudo\TCC\Dados\Extracao\Err
2021-04-10 21:22:16 Buscando configurações ciclo - PY001
2021-04-10 21:22:32 Buscando configurações diretório - PY002
2021-04-10 21:22:32 Diretório Extração: C:\Users\luiz.carlos\Desktop\Estudo\TCC\Dados\Extracao
2021-04-10 21:22:32 Diretório Tmp: C:\Users\luiz.carlos\Desktop\Estudo\TCC\Dados\Extracao\Temp
2021-04-10 21:22:32 Diretório Send: C:\Users\luiz.carlos\Desktop\Estudo\TCC\Dados\Extracao\Send
2021-04-10 21:22:32 Diretório Log: C:\Users\luiz.carlos\Desktop\Estudo\TCC\Dados\Extracao\Log
2021-04-10 21:22:32 Diretório Err: C:\Users\luiz.carlos\Desktop\Estudo\TCC\Dados\Extracao\Err
2021-04-10 21:22:32 Buscando configurações ciclo - PY002
2021-04-12 23:28:04 Buscando configurações diretório - PY001
2021-04-12 23:28:04 Diretório Extração: C:\Users\luiz.carlos\Desktop\Estudo\TCC\Dados\Extracao
2021-04-12 23:28:04 Diretório Tmp: C:\Users\luiz.carlos\Desktop\Estudo\TCC\Dados\Extracao\Temp
2021-04-12 23:28:04 Diretório Send: C:\Users\luiz.carlos\Desktop\Estudo\TCC\Dados\Extracao\Send
2021-04-12 23:28:04 Diretório Log: C:\Users\luiz.carlos\Desktop\Estudo\TCC\Dados\Extracao\Log
2021-04-12 23:28:04 Diretório Err: C:\Users\luiz.carlos\Desktop\Estudo\TCC\Dados\Extracao\Err
2021-04-12 23:28:04 Buscando configurações ciclo - PY001
2021-04-12 23:28:31 Buscando configurações diretório - PY002
2021-04-12 23:28:31 Diretório Extração: C:\Users\luiz.carlos\Desktop\Estudo\TCC\Dados\Extracao
2021-04-12 23:28:31 Diretório Tmp: C:\Users\luiz.carlos\Desktop\Estudo\TCC\Dados\Extracao\Temp
2021-04-12 23:28:31 Diretório Send: C:\Users\luiz.carlos\Desktop\Estudo\TCC\Dados\Extracao\Send
2021-04-12 23:28:31 Diretório Log: C:\Users\luiz.carlos\Desktop\Estudo\TCC\Dados\Extracao\Log
2021-04-12 23:28:31 Diretório Err: C:\Users\luiz.carlos\Desktop\Estudo\TCC\Dados\Extracao\Err
2021-04-12 23:28:31 Buscando configurações ciclo - PY002
2021-04-12 23:30:20 Buscando configurações diretório - PY002
2021-04-12 23:30:20 Diretório Extração: C:\Users\luiz.carlos\Desktop\Estudo\TCC\Dados\Extracao
2021-04-12 23:30:20 Diretório Tmp: C:\Users\luiz.carlos\Desktop\Estudo\TCC\Dados\Extracao\Temp
2021-04-12 23:30:20 Diretório Send: C:\Users\luiz.carlos\Desktop\Estudo\TCC\Dados\Extracao\Send
2021-04-12 23:30:20 Diretório Log: C:\Users\luiz.carlos\Desktop\Estudo\TCC\Dados\Extracao\Log
2021-04-12 23:30:20 Diretório Err: C:\Users\luiz.carlos\Desktop\Estudo\TCC\Dados\Extracao\Err
2021-04-12 23:30:20 Buscando configurações ciclo - PY002
2021-04-12 23:33:02 Buscando configurações diretório - PY002
2021-04-12 23:33:02 Diretório Extração: C:\Users\luiz.carlos\Desktop\Estudo\TCC\Dados\Extracao
2021-04-12 23:33:02 Diretório Tmp: C:\Users\luiz.carlos\Desktop\Estudo\TCC\Dados\Extracao\Temp
2021-04-12 23:33:02 Diretório Send: C:\Users\luiz.carlos\Desktop\Estudo\TCC\Dados\Extracao\Send
2021-04-12 23:33:02 Diretório Log: C:\Users\luiz.carlos\Desktop\Estudo\TCC\Dados\Extracao\Log
2021-04-12 23:33:02 Diretório Err: C:\Users\luiz.carlos\Desktop\Estudo\TCC\Dados\Extracao\Err
2021-04-12 23:33:02 Buscando configurações ciclo - PY002
2021-04-12 23:34:17 Buscando configurações diretório - PY002
2021-04-12 23:34:17 Diretório Extração: C:\Users\luiz.carlos\Desktop\Estudo\TCC\Dados\Extracao
2021-04-12 23:34:17 Diretório Tmp: C:\Users\luiz.carlos\Desktop\Estudo\TCC\Dados\Extracao\Temp
2021-04-12 23:34:17 Diretório Send: C:\Users\luiz.carlos\Desktop\Estudo\TCC\Dados\Extracao\Send
2021-04-12 23:34:17 Diretório Log: C:\Users\luiz.carlos\Desktop\Estudo\TCC\Dados\Extracao\Log
2021-04-12 23:34:17 Diretório Err: C:\Users\luiz.carlos\Desktop\Estudo\TCC\Dados\Extracao\Err
2021-04-12 23:34:17 Buscando configurações ciclo - PY002
2021-04-12 23:36:11 Buscando configurações diretório - PY002
2021-04-12 23:36:11 Diretório Extração: C:\Users\luiz.carlos\Desktop\Estudo\TCC\Dados\Extracao
2021-04-12 23:36:11 Diretório Tmp: C:\Users\luiz.carlos\Desktop\Estudo\TCC\Dados\Extracao\Temp
2021-04-12 23:36:11 Diretório Send: C:\Users\luiz.carlos\Desktop\Estudo\TCC\Dados\Extracao\Send
2021-04-12 23:36:11 Diretório Log: C:\Users\luiz.carlos\Desktop\Estudo\TCC\Dados\Extracao\Log
2021-04-12 23:36:11 Diretório Err: C:\Users\luiz.carlos\Desktop\Estudo\TCC\Dados\Extracao\Err
2021-04-12 23:36:11 Buscando configurações ciclo - PY002
2021-04-12 23:39:43 Buscando configurações diretório - PY001
2021-04-12 23:39:43 Diretório Extração: C:\Users\luiz.carlos\Desktop\Estudo\TCC\Dados\Extracao
2021-04-12 23:39:43 Diretório Tmp: C:\Users\luiz.carlos\Desktop\Estudo\TCC\Dados\Extracao\Temp
2021-04-12 23:39:43 Diretório Send: C:\Users\luiz.carlos\Desktop\Estudo\TCC\Dados\Extracao\Send
2021-04-12 23:39:43 Diretório Log: C:\Users\luiz.carlos\Desktop\Estudo\TCC\Dados\Extracao\Log
2021-04-12 23:39:43 Diretório Err: C:\Users\luiz.carlos\Desktop\Estudo\TCC\Dados\Extracao\Err
2021-04-12 23:39:43 Buscando configurações ciclo - PY001
2021-04-12 23:39:52 Buscando configurações diretório - PY002
2021-04-12 23:39:52 Diretório Extração: C:\Users\luiz.carlos\Desktop\Estudo\TCC\Dados\Extracao
2021-04-12 23:39:52 Diretório Tmp: C:\Users\luiz.carlos\Desktop\Estudo\TCC\Dados\Extracao\Temp
2021-04-12 23:39:52 Diretório Send: C:\Users\luiz.carlos\Desktop\Estudo\TCC\Dados\Extracao\Send
2021-04-12 23:39:52 Diretório Log: C:\Users\luiz.carlos\Desktop\Estudo\TCC\Dados\Extracao\Log
2021-04-12 23:39:52 Diretório Err: C:\Users\luiz.carlos\Desktop\Estudo\TCC\Dados\Extracao\Err
2021-04-12 23:39:52 Buscando configurações ciclo - PY002
2021-04-12 23:41:02 Buscando configurações diretório - PY001
2021-04-12 23:41:02 Diretório Extração: C:\Users\luiz.carlos\Desktop\Estudo\TCC\Dados\Extracao
2021-04-12 23:41:02 Diretório Tmp: C:\Users\luiz.carlos\Desktop\Estudo\TCC\Dados\Extracao\Temp
2021-04-12 23:41:02 Diretório Send: C:\Users\luiz.carlos\Desktop\Estudo\TCC\Dados\Extracao\Send
2021-04-12 23:41:02 Diretório Log: C:\Users\luiz.carlos\Desktop\Estudo\TCC\Dados\Extracao\Log
2021-04-12 23:41:02 Diretório Err: C:\Users\luiz.carlos\Desktop\Estudo\TCC\Dados\Extracao\Err
2021-04-12 23:41:02 Buscando configurações ciclo - PY001
2021-04-12 23:41:28 Buscando configurações diretório - PY002
2021-04-12 23:41:28 Diretório Extração: C:\Users\luiz.carlos\Desktop\Estudo\TCC\Dados\Extracao
2021-04-12 23:41:28 Diretório Tmp: C:\Users\luiz.carlos\Desktop\Estudo\TCC\Dados\Extracao\Temp
2021-04-12 23:41:28 Diretório Send: C:\Users\luiz.carlos\Desktop\Estudo\TCC\Dados\Extracao\Send
2021-04-12 23:41:28 Diretório Log: C:\Users\luiz.carlos\Desktop\Estudo\TCC\Dados\Extracao\Log
2021-04-12 23:41:28 Diretório Err: C:\Users\luiz.carlos\Desktop\Estudo\TCC\Dados\Extracao\Err
2021-04-12 23:41:28 Buscando configurações ciclo - PY002
2021-04-12 23:43:40 Buscando configurações diretório - PY001
2021-04-12 23:43:40 Diretório Extração: C:\Users\luiz.carlos\Desktop\Estudo\TCC\Dados\Extracao
2021-04-12 23:43:40 Diretório Tmp: C:\Users\luiz.carlos\Desktop\Estudo\TCC\Dados\Extracao\Temp
2021-04-12 23:43:40 Diretório Send: C:\Users\luiz.carlos\Desktop\Estudo\TCC\Dados\Extracao\Send
2021-04-12 23:43:40 Diretório Log: C:\Users\luiz.carlos\Desktop\Estudo\TCC\Dados\Extracao\Log
2021-04-12 23:43:40 Diretório Err: C:\Users\luiz.carlos\Desktop\Estudo\TCC\Dados\Extracao\Err
2021-04-12 23:43:40 Buscando configurações ciclo - PY001
2021-04-12 23:43:49 Buscando configurações diretório - PY002
2021-04-12 23:43:49 Diretório Extração: C:\Users\luiz.carlos\Desktop\Estudo\TCC\Dados\Extracao
2021-04-12 23:43:49 Diretório Tmp: C:\Users\luiz.carlos\Desktop\Estudo\TCC\Dados\Extracao\Temp
2021-04-12 23:43:49 Diretório Send: C:\Users\luiz.carlos\Desktop\Estudo\TCC\Dados\Extracao\Send
2021-04-12 23:43:49 Diretório Log: C:\Users\luiz.carlos\Desktop\Estudo\TCC\Dados\Extracao\Log
2021-04-12 23:43:49 Diretório Err: C:\Users\luiz.carlos\Desktop\Estudo\TCC\Dados\Extracao\Err
2021-04-12 23:43:49 Buscando configurações ciclo - PY002
2021-04-12 23:44:51 Buscando configurações diretório - PY001
2021-04-12 23:44:51 Diretório Extração: C:\Users\luiz.carlos\Desktop\Estudo\TCC\Dados\Extracao
2021-04-12 23:44:51 Diretório Tmp: C:\Users\luiz.carlos\Desktop\Estudo\TCC\Dados\Extracao\Temp
2021-04-12 23:44:51 Diretório Send: C:\Users\luiz.carlos\Desktop\Estudo\TCC\Dados\Extracao\Send
2021-04-12 23:44:51 Diretório Log: C:\Users\luiz.carlos\Desktop\Estudo\TCC\Dados\Extracao\Log
2021-04-12 23:44:51 Diretório Err: C:\Users\luiz.carlos\Desktop\Estudo\TCC\Dados\Extracao\Err
2021-04-12 23:44:51 Buscando configurações ciclo - PY001
2021-04-12 23:44:59 Buscando configurações diretório - PY002
2021-04-12 23:44:59 Diretório Extração: C:\Users\luiz.carlos\Desktop\Estudo\TCC\Dados\Extracao
2021-04-12 23:44:59 Diretório Tmp: C:\Users\luiz.carlos\Desktop\Estudo\TCC\Dados\Extracao\Temp
2021-04-12 23:44:59 Diretório Send: C:\Users\luiz.carlos\Desktop\Estudo\TCC\Dados\Extracao\Send
2021-04-12 23:44:59 Diretório Log: C:\Users\luiz.carlos\Desktop\Estudo\TCC\Dados\Extracao\Log
2021-04-12 23:44:59 Diretório Err: C:\Users\luiz.carlos\Desktop\Estudo\TCC\Dados\Extracao\Err
2021-04-12 23:44:59 Buscando configurações ciclo - PY002
2021-04-13 00:02:41 Buscando configurações diretório - PY001
2021-04-13 00:02:41 Diretório Extração: C:\Users\luiz.carlos\Desktop\Estudo\TCC\Dados\Extracao
2021-04-13 00:02:41 Diretório Tmp: C:\Users\luiz.carlos\Desktop\Estudo\TCC\Dados\Extracao\Temp
2021-04-13 00:02:41 Diretório Send: C:\Users\luiz.carlos\Desktop\Estudo\TCC\Dados\Extracao\Send
2021-04-13 00:02:41 Diretório Log: C:\Users\luiz.carlos\Desktop\Estudo\TCC\Dados\Extracao\Log
2021-04-13 00:02:41 Diretório Err: C:\Users\luiz.carlos\Desktop\Estudo\TCC\Dados\Extracao\Err
2021-04-13 00:02:41 Buscando configurações ciclo - PY001
2021-04-13 00:02:55 Buscando configurações diretório - PY002
2021-04-13 00:02:55 Diretório Extração: C:\Users\luiz.carlos\Desktop\Estudo\TCC\Dados\Extracao
2021-04-13 00:02:55 Diretório Tmp: C:\Users\luiz.carlos\Desktop\Estudo\TCC\Dados\Extracao\Temp
2021-04-13 00:02:55 Diretório Send: C:\Users\luiz.carlos\Desktop\Estudo\TCC\Dados\Extracao\Send
2021-04-13 00:02:55 Diretório Log: C:\Users\luiz.carlos\Desktop\Estudo\TCC\Dados\Extracao\Log
2021-04-13 00:02:55 Diretório Err: C:\Users\luiz.carlos\Desktop\Estudo\TCC\Dados\Extracao\Err
2021-04-13 00:02:55 Buscando configurações ciclo - PY002
2021-04-13 00:10:51 Buscando configurações diretório - PY003
2021-04-13 00:10:51 Diretório Extração: C:\Users\luiz.carlos\Desktop\Estudo\TCC\Dados\Extracao
2021-04-13 00:10:51 Diretório Tmp: C:\Users\luiz.carlos\Desktop\Estudo\TCC\Dados\Extracao\Temp
2021-04-13 00:10:51 Diretório Send: C:\Users\luiz.carlos\Desktop\Estudo\TCC\Dados\Extracao\Send
2021-04-13 00:10:51 Diretório Log: C:\Users\luiz.carlos\Desktop\Estudo\TCC\Dados\Extracao\Log
2021-04-13 00:10:51 Diretório Err: C:\Users\luiz.carlos\Desktop\Estudo\TCC\Dados\Extracao\Err
2021-04-13 00:10:51 Buscando configurações ciclo - PY003
2021-04-16 00:41:30 Buscando configurações diretório - PY003
2021-04-16 00:41:30 Diretório Extração: C:\Users\luiz.carlos\Desktop\Estudo\TCC\Dados\Extracao
2021-04-16 00:41:30 Diretório Tmp: C:\Users\luiz.carlos\Desktop\Estudo\TCC\Dados\Extracao\Temp
2021-04-16 00:41:30 Diretório Send: C:\Users\luiz.carlos\Desktop\Estudo\TCC\Dados\Extracao\Send
2021-04-16 00:41:30 Diretório Log: C:\Users\luiz.carlos\Desktop\Estudo\TCC\Dados\Extracao\Log
2021-04-16 00:41:30 Diretório Err: C:\Users\luiz.carlos\Desktop\Estudo\TCC\Dados\Extracao\Err
2021-04-16 00:41:30 Buscando configurações ciclo - PY003
2021-04-16 00:43:32 Buscando configurações diretório - PY003
2021-04-16 00:43:32 Diretório Extração: C:\Users\luiz.carlos\Desktop\Estudo\TCC\Dados\Extracao
2021-04-16 00:43:32 Diretório Tmp: C:\Users\luiz.carlos\Desktop\Estudo\TCC\Dados\Extracao\Temp
2021-04-16 00:43:32 Diretório Send: C:\Users\luiz.carlos\Desktop\Estudo\TCC\Dados\Extracao\Send
2021-04-16 00:43:32 Diretório Log: C:\Users\luiz.carlos\Desktop\Estudo\TCC\Dados\Extracao\Log
2021-04-16 00:43:32 Diretório Err: C:\Users\luiz.carlos\Desktop\Estudo\TCC\Dados\Extracao\Err
2021-04-16 00:43:32 Buscando configurações ciclo - PY003
2021-04-16 00:45:11 Buscando configurações diretório - PY003
2021-04-16 00:45:11 Diretório Extração: C:\Users\luiz.carlos\Desktop\Estudo\TCC\Dados\Extracao
2021-04-16 00:45:11 Diretório Tmp: C:\Users\luiz.carlos\Desktop\Estudo\TCC\Dados\Extracao\Temp
2021-04-16 00:45:11 Diretório Send: C:\Users\luiz.carlos\Desktop\Estudo\TCC\Dados\Extracao\Send
2021-04-16 00:45:11 Diretório Log: C:\Users\luiz.carlos\Desktop\Estudo\TCC\Dados\Extracao\Log
2021-04-16 00:45:11 Diretório Err: C:\Users\luiz.carlos\Desktop\Estudo\TCC\Dados\Extracao\Err
2021-04-16 00:45:11 Buscando configurações ciclo - PY003
2021-04-16 00:47:18 Buscando configurações diretório - PY003
2021-04-16 00:47:18 Diretório Extração: C:\Users\luiz.carlos\Desktop\Estudo\TCC\Dados\Extracao
2021-04-16 00:47:18 Diretório Tmp: C:\Users\luiz.carlos\Desktop\Estudo\TCC\Dados\Extracao\Temp
2021-04-16 00:47:18 Diretório Send: C:\Users\luiz.carlos\Desktop\Estudo\TCC\Dados\Extracao\Send
2021-04-16 00:47:18 Diretório Log: C:\Users\luiz.carlos\Desktop\Estudo\TCC\Dados\Extracao\Log
2021-04-16 00:47:18 Diretório Err: C:\Users\luiz.carlos\Desktop\Estudo\TCC\Dados\Extracao\Err
2021-04-16 00:47:18 Buscando configurações ciclo - PY003
2021-04-16 00:49:44 Buscando configurações diretório - PY003
2021-04-16 00:49:44 Diretório Extração: C:\Users\luiz.carlos\Desktop\Estudo\TCC\Dados\Extracao
2021-04-16 00:49:44 Diretório Tmp: C:\Users\luiz.carlos\Desktop\Estudo\TCC\Dados\Extracao\Temp
2021-04-16 00:49:44 Diretório Send: C:\Users\luiz.carlos\Desktop\Estudo\TCC\Dados\Extracao\Send
2021-04-16 00:49:44 Diretório Log: C:\Users\luiz.carlos\Desktop\Estudo\TCC\Dados\Extracao\Log
2021-04-16 00:49:44 Diretório Err: C:\Users\luiz.carlos\Desktop\Estudo\TCC\Dados\Extracao\Err
2021-04-16 00:49:44 Buscando configurações ciclo - PY003
2021-04-16 00:51:27 Buscando configurações diretório - PY003
2021-04-16 00:51:27 Diretório Extração: C:\Users\luiz.carlos\Desktop\Estudo\TCC\Dados\Extracao
2021-04-16 00:51:27 Diretório Tmp: C:\Users\luiz.carlos\Desktop\Estudo\TCC\Dados\Extracao\Temp
2021-04-16 00:51:27 Diretório Send: C:\Users\luiz.carlos\Desktop\Estudo\TCC\Dados\Extracao\Send
2021-04-16 00:51:27 Diretório Log: C:\Users\luiz.carlos\Desktop\Estudo\TCC\Dados\Extracao\Log
2021-04-16 00:51:27 Diretório Err: C:\Users\luiz.carlos\Desktop\Estudo\TCC\Dados\Extracao\Err
2021-04-16 00:51:27 Buscando configurações ciclo - PY003
2021-04-16 14:39:01 Buscando configurações diretório - PY001
2021-04-16 14:39:01 Diretório Extração: C:\Users\luiz.carlos\Desktop\Estudo\TCC\Dados\Extracao
2021-04-16 14:39:01 Diretório Tmp: C:\Users\luiz.carlos\Desktop\Estudo\TCC\Dados\Extracao\Temp
2021-04-16 14:39:01 Diretório Send: C:\Users\luiz.carlos\Desktop\Estudo\TCC\Dados\Extracao\Send
2021-04-16 14:39:01 Diretório Log: C:\Users\luiz.carlos\Desktop\Estudo\TCC\Dados\Extracao\Log
2021-04-16 14:39:01 Diretório Err: C:\Users\luiz.carlos\Desktop\Estudo\TCC\Dados\Extracao\Err
2021-04-16 14:39:01 Buscando configurações ciclo - PY001
2021-04-16 14:39:13 Buscando configurações diretório - PY001
2021-04-16 14:39:13 Diretório Extração: C:\Users\luiz.carlos\Desktop\Estudo\TCC\Dados\Extracao
2021-04-16 14:39:13 Diretório Tmp: C:\Users\luiz.carlos\Desktop\Estudo\TCC\Dados\Extracao\Temp
2021-04-16 14:39:13 Diretório Send: C:\Users\luiz.carlos\Desktop\Estudo\TCC\Dados\Extracao\Send
2021-04-16 14:39:13 Diretório Log: C:\Users\luiz.carlos\Desktop\Estudo\TCC\Dados\Extracao\Log
2021-04-16 14:39:13 Diretório Err: C:\Users\luiz.carlos\Desktop\Estudo\TCC\Dados\Extracao\Err
2021-04-16 14:39:13 Buscando configurações ciclo - PY001
2021-04-16 14:39:57 Buscando configurações diretório - PY001
2021-04-16 14:39:57 Diretório Extração: C:\Users\luiz.carlos\Desktop\Estudo\TCC\Dados\Extracao
2021-04-16 14:39:57 Diretório Tmp: C:\Users\luiz.carlos\Desktop\Estudo\TCC\Dados\Extracao\Temp
2021-04-16 14:39:57 Diretório Send: C:\Users\luiz.carlos\Desktop\Estudo\TCC\Dados\Extracao\Send
2021-04-16 14:39:57 Diretório Log: C:\Users\luiz.carlos\Desktop\Estudo\TCC\Dados\Extracao\Log
2021-04-16 14:39:57 Diretório Err: C:\Users\luiz.carlos\Desktop\Estudo\TCC\Dados\Extracao\Err
2021-04-16 14:39:57 Buscando configurações ciclo - PY001
2021-04-16 14:40:34 Buscando configurações diretório - PY001
2021-04-16 14:40:34 Diretório Extração: C:\Users\luiz.carlos\Desktop\Estudo\TCC\Dados\Extracao
2021-04-16 14:40:34 Diretório Tmp: C:\Users\luiz.carlos\Desktop\Estudo\TCC\Dados\Extracao\Temp
2021-04-16 14:40:34 Diretório Send: C:\Users\luiz.carlos\Desktop\Estudo\TCC\Dados\Extracao\Send
2021-04-16 14:40:34 Diretório Log: C:\Users\luiz.carlos\Desktop\Estudo\TCC\Dados\Extracao\Log
2021-04-16 14:40:34 Diretório Err: C:\Users\luiz.carlos\Desktop\Estudo\TCC\Dados\Extracao\Err
2021-04-16 14:40:34 Buscando configurações ciclo - PY001
2021-04-16 14:40:54 Buscando configurações diretório - PY001
2021-04-16 14:40:54 Diretório Extração: C:\Users\luiz.carlos\Desktop\Estudo\TCC\Dados\Extracao
2021-04-16 14:40:54 Diretório Tmp: C:\Users\luiz.carlos\Desktop\Estudo\TCC\Dados\Extracao\Temp
2021-04-16 14:40:54 Diretório Send: C:\Users\luiz.carlos\Desktop\Estudo\TCC\Dados\Extracao\Send
2021-04-16 14:40:54 Diretório Log: C:\Users\luiz.carlos\Desktop\Estudo\TCC\Dados\Extracao\Log
2021-04-16 14:40:54 Diretório Err: C:\Users\luiz.carlos\Desktop\Estudo\TCC\Dados\Extracao\Err
2021-04-16 14:40:54 Buscando configurações ciclo - PY001
2021-04-16 14:41:37 Buscando configurações diretório - PY001
2021-04-16 14:41:37 Diretório Extração: C:\Users\luiz.carlos\Desktop\Estudo\TCC\Dados\Extracao
2021-04-16 14:41:37 Diretório Tmp: C:\Users\luiz.carlos\Desktop\Estudo\TCC\Dados\Extracao\Temp
2021-04-16 14:41:37 Diretório Send: C:\Users\luiz.carlos\Desktop\Estudo\TCC\Dados\Extracao\Send
2021-04-16 14:41:37 Diretório Log: C:\Users\luiz.carlos\Desktop\Estudo\TCC\Dados\Extracao\Log
2021-04-16 14:41:37 Diretório Err: C:\Users\luiz.carlos\Desktop\Estudo\TCC\Dados\Extracao\Err
2021-04-16 14:41:37 Buscando configurações ciclo - PY001
2021-04-16 14:42:38 Buscando configurações diretório - PY001
2021-04-16 14:42:38 Diretório Extração: C:\Users\luiz.carlos\Desktop\Estudo\TCC\Dados\Extracao
2021-04-16 14:42:38 Diretório Tmp: C:\Users\luiz.carlos\Desktop\Estudo\TCC\Dados\Extracao\Temp
2021-04-16 14:42:38 Diretório Send: C:\Users\luiz.carlos\Desktop\Estudo\TCC\Dados\Extracao\Send
2021-04-16 14:42:38 Diretório Log: C:\Users\luiz.carlos\Desktop\Estudo\TCC\Dados\Extracao\Log
2021-04-16 14:42:38 Diretório Err: C:\Users\luiz.carlos\Desktop\Estudo\TCC\Dados\Extracao\Err
2021-04-16 14:42:38 Buscando configurações ciclo - PY001
2021-04-16 14:43:20 Buscando configurações diretório - PY001
2021-04-16 14:43:20 Diretório Extração: C:\Users\luiz.carlos\Desktop\Estudo\TCC\Dados\Extracao
2021-04-16 14:43:20 Diretório Tmp: C:\Users\luiz.carlos\Desktop\Estudo\TCC\Dados\Extracao\Temp
2021-04-16 14:43:20 Diretório Send: C:\Users\luiz.carlos\Desktop\Estudo\TCC\Dados\Extracao\Send
2021-04-16 14:43:20 Diretório Log: C:\Users\luiz.carlos\Desktop\Estudo\TCC\Dados\Extracao\Log
2021-04-16 14:43:20 Diretório Err: C:\Users\luiz.carlos\Desktop\Estudo\TCC\Dados\Extracao\Err
2021-04-16 14:43:20 Buscando configurações ciclo - PY001
2021-04-16 14:44:02 Buscando configurações diretório - PY001
2021-04-16 14:44:02 Diretório Extração: C:\Users\luiz.carlos\Desktop\Estudo\TCC\Dados\Extracao
2021-04-16 14:44:02 Diretório Tmp: C:\Users\luiz.carlos\Desktop\Estudo\TCC\Dados\Extracao\Temp
2021-04-16 14:44:02 Diretório Send: C:\Users\luiz.carlos\Desktop\Estudo\TCC\Dados\Extracao\Send
2021-04-16 14:44:02 Diretório Log: C:\Users\luiz.carlos\Desktop\Estudo\TCC\Dados\Extracao\Log
2021-04-16 14:44:02 Diretório Err: C:\Users\luiz.carlos\Desktop\Estudo\TCC\Dados\Extracao\Err
2021-04-16 14:44:02 Buscando configurações ciclo - PY001
2021-04-16 14:45:00 Buscando configurações diretório - PY001
2021-04-16 14:45:00 Diretório Extração: C:\Users\luiz.carlos\Desktop\Estudo\TCC\Dados\Extracao
2021-04-16 14:45:00 Diretório Tmp: C:\Users\luiz.carlos\Desktop\Estudo\TCC\Dados\Extracao\Temp
2021-04-16 14:45:00 Diretório Send: C:\Users\luiz.carlos\Desktop\Estudo\TCC\Dados\Extracao\Send
2021-04-16 14:45:00 Diretório Log: C:\Users\luiz.carlos\Desktop\Estudo\TCC\Dados\Extracao\Log
2021-04-16 14:45:00 Diretório Err: C:\Users\luiz.carlos\Desktop\Estudo\TCC\Dados\Extracao\Err
2021-04-16 14:45:00 Buscando configurações ciclo - PY001
2021-04-16 14:45:51 Buscando configurações diretório - PY001
2021-04-16 14:45:51 Diretório Extração: C:\Users\luiz.carlos\Desktop\Estudo\TCC\Dados\Extracao
2021-04-16 14:45:51 Diretório Tmp: C:\Users\luiz.carlos\Desktop\Estudo\TCC\Dados\Extracao\Temp
2021-04-16 14:45:51 Diretório Send: C:\Users\luiz.carlos\Desktop\Estudo\TCC\Dados\Extracao\Send
2021-04-16 14:45:51 Diretório Log: C:\Users\luiz.carlos\Desktop\Estudo\TCC\Dados\Extracao\Log
2021-04-16 14:45:51 Diretório Err: C:\Users\luiz.carlos\Desktop\Estudo\TCC\Dados\Extracao\Err
2021-04-16 14:45:51 Buscando configurações ciclo - PY001
2021-04-16 14:46:35 Buscando configurações diretório - PY001
2021-04-16 14:46:35 Diretório Extração: C:\Users\luiz.carlos\Desktop\Estudo\TCC\Dados\Extracao
2021-04-16 14:46:35 Diretório Tmp: C:\Users\luiz.carlos\Desktop\Estudo\TCC\Dados\Extracao\Temp
2021-04-16 14:46:35 Diretório Send: C:\Users\luiz.carlos\Desktop\Estudo\TCC\Dados\Extracao\Send
2021-04-16 14:46:35 Diretório Log: C:\Users\luiz.carlos\Desktop\Estudo\TCC\Dados\Extracao\Log
2021-04-16 14:46:35 Diretório Err: C:\Users\luiz.carlos\Desktop\Estudo\TCC\Dados\Extracao\Err
2021-04-16 14:46:35 Buscando configurações ciclo - PY001
2021-04-16 14:47:01 Buscando configurações diretório - PY001
2021-04-16 14:47:01 Diretório Extração: C:\Users\luiz.carlos\Desktop\Estudo\TCC\Dados\Extracao
2021-04-16 14:47:01 Diretório Tmp: C:\Users\luiz.carlos\Desktop\Estudo\TCC\Dados\Extracao\Temp
2021-04-16 14:47:01 Diretório Send: C:\Users\luiz.carlos\Desktop\Estudo\TCC\Dados\Extracao\Send
2021-04-16 14:47:01 Diretório Log: C:\Users\luiz.carlos\Desktop\Estudo\TCC\Dados\Extracao\Log
2021-04-16 14:47:01 Diretório Err: C:\Users\luiz.carlos\Desktop\Estudo\TCC\Dados\Extracao\Err
2021-04-16 14:47:01 Buscando configurações ciclo - PY001
2021-04-16 14:47:57 Buscando configurações diretório - PY001
2021-04-16 14:47:58 Diretório Extração: C:\Users\luiz.carlos\Desktop\Estudo\TCC\Dados\Extracao
2021-04-16 14:47:58 Diretório Tmp: C:\Users\luiz.carlos\Desktop\Estudo\TCC\Dados\Extracao\Temp
2021-04-16 14:47:58 Diretório Send: C:\Users\luiz.carlos\Desktop\Estudo\TCC\Dados\Extracao\Send
2021-04-16 14:47:58 Diretório Log: C:\Users\luiz.carlos\Desktop\Estudo\TCC\Dados\Extracao\Log
2021-04-16 14:47:58 Diretório Err: C:\Users\luiz.carlos\Desktop\Estudo\TCC\Dados\Extracao\Err
2021-04-16 14:47:58 Buscando configurações ciclo - PY001
2021-04-17 14:05:29 Buscando configurações diretório - PY003
2021-04-17 14:05:29 Diretório Extração: C:\Users\luiz.carlos\Desktop\Estudo\TCC\Dados\Extracao
2021-04-17 14:05:29 Diretório Tmp: C:\Users\luiz.carlos\Desktop\Estudo\TCC\Dados\Extracao\Temp
2021-04-17 14:05:29 Diretório Send: C:\Users\luiz.carlos\Desktop\Estudo\TCC\Dados\Extracao\Send
2021-04-17 14:05:29 Diretório Log: C:\Users\luiz.carlos\Desktop\Estudo\TCC\Dados\Extracao\Log
2021-04-17 14:05:29 Diretório Err: C:\Users\luiz.carlos\Desktop\Estudo\TCC\Dados\Extracao\Err
2021-04-17 14:05:29 Buscando configurações ciclo - PY003
