2021-04-16 21:24:16 Iniciando processo de Extração
2021-04-16 21:24:16 Buscando configurações diretório - PY001
2021-04-16 21:24:16 Diretório Extração: C:\Users\luiz.carlos\Desktop\Estudo\TCC\Dados\Extracao
2021-04-16 21:24:16 Diretório Tmp: C:\Users\luiz.carlos\Desktop\Estudo\TCC\Dados\Extracao\Temp
2021-04-16 21:24:16 Diretório Send: C:\Users\luiz.carlos\Desktop\Estudo\TCC\Dados\Extracao\Send
2021-04-16 21:24:16 Diretório Log: C:\Users\luiz.carlos\Desktop\Estudo\TCC\Dados\Extracao\Log
2021-04-16 21:24:16 Diretório Err: C:\Users\luiz.carlos\Desktop\Estudo\TCC\Dados\Extracao\Err
2021-04-16 21:24:16 Buscando configurações ciclo - PY001
2021-04-16 21:24:16 O programa entrara em sleep por 3segundos
2021-04-16 21:24:19 O programa entrara em sleep por 3segundos
2021-04-16 21:24:22 O programa entrara em sleep por 3segundos
2021-04-16 21:24:25 O programa entrara em sleep por 3segundos
2021-04-16 21:24:28 O programa entrara em sleep por 3segundos
2021-04-16 21:24:31 O programa entrara em sleep por 3segundos
2021-04-16 21:24:34 O programa entrara em sleep por 3segundos
2021-04-16 21:24:37 O programa entrara em sleep por 3segundos
2021-04-16 21:24:40 O programa entrara em sleep por 3segundos
2021-04-16 21:24:43 O programa entrara em sleep por 3segundos
2021-04-16 21:24:46 O programa entrara em sleep por 3segundos
2021-04-16 21:24:49 O programa entrara em sleep por 3segundos
2021-04-16 21:24:52 O programa entrara em sleep por 3segundos
2021-04-16 21:24:55 O programa entrara em sleep por 3segundos
2021-04-16 21:24:58 O programa entrara em sleep por 3segundos
2021-04-16 21:25:02 O programa entrara em sleep por 3segundos
2021-04-16 21:25:05 O programa entrara em sleep por 3segundos
2021-04-16 21:25:08 O programa entrara em sleep por 3segundos
2021-04-16 21:25:11 O programa entrara em sleep por 3segundos
2021-04-16 21:25:14 O programa entrara em sleep por 3segundos
2021-04-16 21:25:17 O programa entrara em sleep por 3segundos
2021-04-16 21:25:20 O programa entrara em sleep por 3segundos
2021-04-16 21:25:23 O programa entrara em sleep por 3segundos
2021-04-16 21:25:26 O programa entrara em sleep por 3segundos
2021-04-16 21:25:29 O programa entrara em sleep por 3segundos
2021-04-16 21:25:32 O programa entrara em sleep por 3segundos
2021-04-16 21:25:35 O programa entrara em sleep por 3segundos
2021-04-16 21:25:38 O programa entrara em sleep por 3segundos
2021-04-16 21:25:41 O programa entrara em sleep por 3segundos
2021-04-16 21:25:44 O programa entrara em sleep por 3segundos
2021-04-16 21:25:47 O programa entrara em sleep por 3segundos
2021-04-16 21:25:50 O programa entrara em sleep por 3segundos
2021-04-16 21:25:53 O programa entrara em sleep por 3segundos
2021-04-16 21:25:56 O programa entrara em sleep por 3segundos
2021-04-16 21:25:59 O programa entrara em sleep por 3segundos
2021-04-16 21:26:02 O programa entrara em sleep por 3segundos
2021-04-16 21:26:05 O programa entrara em sleep por 3segundos
2021-04-16 21:26:08 O programa entrara em sleep por 3segundos
2021-04-16 21:26:11 O programa entrara em sleep por 3segundos
2021-04-16 21:26:14 O programa entrara em sleep por 3segundos
2021-04-16 21:26:17 O programa entrara em sleep por 3segundos
2021-04-16 21:26:20 O programa entrara em sleep por 3segundos
2021-04-16 21:26:23 O programa entrara em sleep por 3segundos
2021-04-16 21:26:26 O programa entrara em sleep por 3segundos
2021-04-16 21:26:29 O programa entrara em sleep por 3segundos
2021-04-16 21:26:32 O programa entrara em sleep por 3segundos
2021-04-16 21:26:35 O programa entrara em sleep por 3segundos
2021-04-16 21:26:38 O programa entrara em sleep por 3segundos
2021-04-16 21:26:41 O programa entrara em sleep por 3segundos
2021-04-16 21:26:44 O programa entrara em sleep por 3segundos
2021-04-16 21:26:47 O programa entrara em sleep por 3segundos
2021-04-16 21:26:50 O programa entrara em sleep por 3segundos
2021-04-16 21:26:53 O programa entrara em sleep por 3segundos
2021-04-16 21:26:56 O programa entrara em sleep por 3segundos
2021-04-16 21:26:59 O programa entrara em sleep por 3segundos
2021-04-16 21:27:02 O programa entrara em sleep por 3segundos
2021-04-16 21:27:05 O programa entrara em sleep por 3segundos
2021-04-16 21:27:08 O programa entrara em sleep por 3segundos
2021-04-16 21:27:11 O programa entrara em sleep por 3segundos
2021-04-16 21:27:14 O programa entrara em sleep por 3segundos
2021-04-16 21:27:17 O programa entrara em sleep por 3segundos
2021-04-16 21:27:20 O programa entrara em sleep por 3segundos
2021-04-16 21:27:23 O programa entrara em sleep por 3segundos
2021-04-16 21:27:26 O programa entrara em sleep por 3segundos
2021-04-16 21:27:29 O programa entrara em sleep por 3segundos
2021-04-16 21:27:32 O programa entrara em sleep por 3segundos
2021-04-16 21:27:35 O programa entrara em sleep por 3segundos
2021-04-16 21:27:38 O programa entrara em sleep por 3segundos
2021-04-16 21:27:41 O programa entrara em sleep por 3segundos
2021-04-16 21:27:44 O programa entrara em sleep por 3segundos
2021-04-16 21:27:47 O programa entrara em sleep por 3segundos
2021-04-16 21:27:50 O programa entrara em sleep por 3segundos
2021-04-16 21:27:53 O programa entrara em sleep por 3segundos
2021-04-16 21:27:56 O programa entrara em sleep por 3segundos
2021-04-16 21:27:59 O programa entrara em sleep por 3segundos
2021-04-16 21:28:02 O programa entrara em sleep por 3segundos
2021-04-16 21:28:05 O programa entrara em sleep por 3segundos
2021-04-16 21:28:08 O programa entrara em sleep por 3segundos
2021-04-16 21:28:11 O programa entrara em sleep por 3segundos
2021-04-16 21:28:14 O programa entrara em sleep por 3segundos
2021-04-16 21:28:17 O programa entrara em sleep por 3segundos
2021-04-16 21:28:20 O programa entrara em sleep por 3segundos
2021-04-16 21:28:23 O programa entrara em sleep por 3segundos
2021-04-16 21:28:26 O programa entrara em sleep por 3segundos
2021-04-16 21:28:29 O programa entrara em sleep por 3segundos
2021-04-16 21:28:32 O programa entrara em sleep por 3segundos
2021-04-16 21:28:35 O programa entrara em sleep por 3segundos
2021-04-16 21:28:38 O programa entrara em sleep por 3segundos
2021-04-16 21:28:41 O programa entrara em sleep por 3segundos
2021-04-16 21:28:44 O programa entrara em sleep por 3segundos
2021-04-16 21:28:47 O programa entrara em sleep por 3segundos
2021-04-16 21:28:50 O programa entrara em sleep por 3segundos
2021-04-16 21:28:53 O programa entrara em sleep por 3segundos
2021-04-16 21:28:56 O programa entrara em sleep por 3segundos
2021-04-16 21:28:59 O programa entrara em sleep por 3segundos
2021-04-16 21:29:02 O programa entrara em sleep por 3segundos
2021-04-16 21:29:05 O programa entrara em sleep por 3segundos
2021-04-16 21:29:08 O programa entrara em sleep por 3segundos
2021-04-16 21:29:11 O programa entrara em sleep por 3segundos
2021-04-16 21:29:14 O programa entrara em sleep por 3segundos
2021-04-16 21:29:17 O programa entrara em sleep por 3segundos
2021-04-16 21:29:20 O programa entrara em sleep por 3segundos
2021-04-16 21:29:23 O programa entrara em sleep por 3segundos
2021-04-16 21:29:26 O programa entrara em sleep por 3segundos
2021-04-16 21:29:29 O programa entrara em sleep por 3segundos
2021-04-16 21:29:32 O programa entrara em sleep por 3segundos
2021-04-16 21:29:35 O programa entrara em sleep por 3segundos
2021-04-16 21:29:38 O programa entrara em sleep por 3segundos
2021-04-16 21:29:41 O programa entrara em sleep por 3segundos
2021-04-16 21:29:44 O programa entrara em sleep por 3segundos
2021-04-16 21:29:47 O programa entrara em sleep por 3segundos
2021-04-16 21:29:50 O programa entrara em sleep por 3segundos
2021-04-16 21:29:53 O programa entrara em sleep por 3segundos
2021-04-16 21:29:56 O programa entrara em sleep por 3segundos
2021-04-16 21:29:59 O programa entrara em sleep por 3segundos
2021-04-16 21:30:02 O programa entrara em sleep por 3segundos
2021-04-16 21:30:05 O programa entrara em sleep por 3segundos
2021-04-16 21:30:09 O programa entrara em sleep por 3segundos
2021-04-16 21:30:12 O programa entrara em sleep por 3segundos
