2021-04-16 21:24:59 Buscando configurações diretório - PY002
2021-04-16 21:24:59 Diretório Extração: C:\Users\luiz.carlos\Desktop\Estudo\TCC\Dados\Extracao
2021-04-16 21:24:59 Diretório Tmp: C:\Users\luiz.carlos\Desktop\Estudo\TCC\Dados\Extracao\Temp
2021-04-16 21:24:59 Diretório Send: C:\Users\luiz.carlos\Desktop\Estudo\TCC\Dados\Extracao\Send
2021-04-16 21:24:59 Diretório Log: C:\Users\luiz.carlos\Desktop\Estudo\TCC\Dados\Extracao\Log
2021-04-16 21:24:59 Diretório Err: C:\Users\luiz.carlos\Desktop\Estudo\TCC\Dados\Extracao\Err
2021-04-16 21:24:59 Buscando configurações ciclo - PY002
2021-04-16 21:24:59Erro - [Errno 2] No such file or directory: 'C:\\Users\\luiz.carlos\\Desktop\\Estudo\\TCC\\Dados\\Extracao\\Send//CSBH_COORPORATIVO_CIDADE/COORPORATIVO_CIDADE_2021_04_16_21_24_59.json'2021-04-16 21:24:59 O programa entrara em sleep por 3segundos
2021-04-16 21:25:02 O programa entrara em sleep por 3segundos
2021-04-16 21:25:05 O programa entrara em sleep por 3segundos
2021-04-16 21:25:08 O programa entrara em sleep por 3segundos
2021-04-16 21:25:11 O programa entrara em sleep por 3segundos
2021-04-16 21:25:14 O programa entrara em sleep por 3segundos
2021-04-16 21:25:17 O programa entrara em sleep por 3segundos
2021-04-16 21:25:20 O programa entrara em sleep por 3segundos
2021-04-16 21:25:23 O programa entrara em sleep por 3segundos
2021-04-16 21:25:26 O programa entrara em sleep por 3segundos
2021-04-16 21:25:29 O programa entrara em sleep por 3segundos
2021-04-16 21:25:32 O programa entrara em sleep por 3segundos
2021-04-16 21:25:35 O programa entrara em sleep por 3segundos
2021-04-16 21:25:38 O programa entrara em sleep por 3segundos
2021-04-16 21:25:41 O programa entrara em sleep por 3segundos
2021-04-16 21:25:44 O programa entrara em sleep por 3segundos
2021-04-16 21:25:47 O programa entrara em sleep por 3segundos
2021-04-16 21:25:50 O programa entrara em sleep por 3segundos
2021-04-16 21:25:53 O programa entrara em sleep por 3segundos
2021-04-16 21:25:56 O programa entrara em sleep por 3segundos
2021-04-16 21:25:59 O programa entrara em sleep por 3segundos
2021-04-16 21:26:02 O programa entrara em sleep por 3segundos
2021-04-16 21:26:05 O programa entrara em sleep por 3segundos
2021-04-16 21:26:08 O programa entrara em sleep por 3segundos
2021-04-16 21:26:11 O programa entrara em sleep por 3segundos
2021-04-16 21:26:15 O programa entrara em sleep por 3segundos
2021-04-16 21:26:18 O programa entrara em sleep por 3segundos
2021-04-16 21:26:21 O programa entrara em sleep por 3segundos
2021-04-16 21:26:24 O programa entrara em sleep por 3segundos
2021-04-16 21:26:27 O programa entrara em sleep por 3segundos
2021-04-16 21:26:30 O programa entrara em sleep por 3segundos
2021-04-16 21:26:33 O programa entrara em sleep por 3segundos
2021-04-16 21:26:36 O programa entrara em sleep por 3segundos
2021-04-16 21:26:39 O programa entrara em sleep por 3segundos
2021-04-16 21:26:42 O programa entrara em sleep por 3segundos
2021-04-16 21:26:45 O programa entrara em sleep por 3segundos
2021-04-16 21:26:48 O programa entrara em sleep por 3segundos
2021-04-16 21:26:51 O programa entrara em sleep por 3segundos
2021-04-16 21:26:54 O programa entrara em sleep por 3segundos
2021-04-16 21:26:57 O programa entrara em sleep por 3segundos
2021-04-16 21:27:00 O programa entrara em sleep por 3segundos
2021-04-16 21:27:03 O programa entrara em sleep por 3segundos
2021-04-16 21:27:06 O programa entrara em sleep por 3segundos
2021-04-16 21:27:09 O programa entrara em sleep por 3segundos
2021-04-16 21:27:12 O programa entrara em sleep por 3segundos
2021-04-16 21:27:15 O programa entrara em sleep por 3segundos
2021-04-16 21:27:18 O programa entrara em sleep por 3segundos
2021-04-16 21:27:21 O programa entrara em sleep por 3segundos
2021-04-16 21:27:24 O programa entrara em sleep por 3segundos
2021-04-16 21:27:27 O programa entrara em sleep por 3segundos
2021-04-16 21:27:30 O programa entrara em sleep por 3segundos
2021-04-16 21:27:33 O programa entrara em sleep por 3segundos
2021-04-16 21:27:36 O programa entrara em sleep por 3segundos
2021-04-16 21:27:39 O programa entrara em sleep por 3segundos
2021-04-16 21:27:42 O programa entrara em sleep por 3segundos
2021-04-16 21:27:45 O programa entrara em sleep por 3segundos
2021-04-16 21:27:48 O programa entrara em sleep por 3segundos
2021-04-16 21:27:51 O programa entrara em sleep por 3segundos
2021-04-16 21:27:54 O programa entrara em sleep por 3segundos
2021-04-16 21:27:57 O programa entrara em sleep por 3segundos
2021-04-16 21:28:00 O programa entrara em sleep por 3segundos
2021-04-16 21:28:03 O programa entrara em sleep por 3segundos
2021-04-16 21:28:06 O programa entrara em sleep por 3segundos
2021-04-16 21:28:09 O programa entrara em sleep por 3segundos
2021-04-16 21:28:12 O programa entrara em sleep por 3segundos
2021-04-16 21:28:15 O programa entrara em sleep por 3segundos
2021-04-16 21:28:18 O programa entrara em sleep por 3segundos
2021-04-16 21:28:21 O programa entrara em sleep por 3segundos
2021-04-16 21:28:24 O programa entrara em sleep por 3segundos
2021-04-16 21:28:27 O programa entrara em sleep por 3segundos
2021-04-16 21:28:30 O programa entrara em sleep por 3segundos
2021-04-16 21:28:33 O programa entrara em sleep por 3segundos
2021-04-16 21:28:36 O programa entrara em sleep por 3segundos
2021-04-16 21:28:39 O programa entrara em sleep por 3segundos
2021-04-16 21:28:42 O programa entrara em sleep por 3segundos
2021-04-16 21:28:45 O programa entrara em sleep por 3segundos
2021-04-16 21:28:48 O programa entrara em sleep por 3segundos
2021-04-16 21:28:51 O programa entrara em sleep por 3segundos
2021-04-16 21:28:54 O programa entrara em sleep por 3segundos
2021-04-16 21:28:57 O programa entrara em sleep por 3segundos
2021-04-16 21:29:00 O programa entrara em sleep por 3segundos
2021-04-16 21:29:03 O programa entrara em sleep por 3segundos
2021-04-16 21:29:06 O programa entrara em sleep por 3segundos
2021-04-16 21:29:09 O programa entrara em sleep por 3segundos
2021-04-16 21:29:12 O programa entrara em sleep por 3segundos
2021-04-16 21:29:15 O programa entrara em sleep por 3segundos
2021-04-16 21:29:18 O programa entrara em sleep por 3segundos
2021-04-16 21:29:21 O programa entrara em sleep por 3segundos
2021-04-16 21:29:24 O programa entrara em sleep por 3segundos
2021-04-16 21:29:27 O programa entrara em sleep por 3segundos
2021-04-16 21:29:30 O programa entrara em sleep por 3segundos
2021-04-16 21:29:33 O programa entrara em sleep por 3segundos
2021-04-16 21:29:36 O programa entrara em sleep por 3segundos
2021-04-16 21:29:39 O programa entrara em sleep por 3segundos
2021-04-16 21:29:42 O programa entrara em sleep por 3segundos
2021-04-16 21:29:45 O programa entrara em sleep por 3segundos
2021-04-16 21:29:48 O programa entrara em sleep por 3segundos
2021-04-16 21:29:51 O programa entrara em sleep por 3segundos
2021-04-16 21:29:54 O programa entrara em sleep por 3segundos
2021-04-16 21:29:57 O programa entrara em sleep por 3segundos
2021-04-16 21:30:00 O programa entrara em sleep por 3segundos
2021-04-16 21:30:03 O programa entrara em sleep por 3segundos
2021-04-16 21:30:06 O programa entrara em sleep por 3segundos
