2021-04-16 14:15:30 Iniciando processo de Extração
2021-04-16 14:15:30 Buscando configurações diretório - PY001
2021-04-16 14:15:30 Diretório Extração: C:\Users\luiz.carlos\Desktop\Estudo\TCC\Dados\Extracao
2021-04-16 14:15:30 Diretório Tmp: C:\Users\luiz.carlos\Desktop\Estudo\TCC\Dados\Extracao\Temp
2021-04-16 14:15:30 Diretório Send: C:\Users\luiz.carlos\Desktop\Estudo\TCC\Dados\Extracao\Send
2021-04-16 14:15:30 Diretório Log: C:\Users\luiz.carlos\Desktop\Estudo\TCC\Dados\Extracao\Log
2021-04-16 14:15:30 Diretório Err: C:\Users\luiz.carlos\Desktop\Estudo\TCC\Dados\Extracao\Err
2021-04-16 14:15:30 Buscando configurações ciclo - PY001
2021-04-16 14:15:30Erro - [WinError 183] Não é possível criar um arquivo já existente: 'C:\\Users\\luiz.carlos\\Desktop\\Estudo\\TCC\\Dados\\Extracao\\CSBH01001C_0010020.Temp' -> 'C:\\Users\\luiz.carlos\\Desktop\\Estudo\\TCC\\Dados\\Extracao\\Temp/CSBH01001C_0010020.Temp'2021-04-16 14:15:30 O programa entrara em sleep por 3segundos
2021-04-16 14:15:33Erro - [WinError 183] Não é possível criar um arquivo já existente: 'C:\\Users\\luiz.carlos\\Desktop\\Estudo\\TCC\\Dados\\Extracao\\CSBH01001C_0010020.Temp' -> 'C:\\Users\\luiz.carlos\\Desktop\\Estudo\\TCC\\Dados\\Extracao\\Temp/CSBH01001C_0010020.Temp'2021-04-16 14:15:33 O programa entrara em sleep por 3segundos
2021-04-16 14:15:36Erro - [WinError 183] Não é possível criar um arquivo já existente: 'C:\\Users\\luiz.carlos\\Desktop\\Estudo\\TCC\\Dados\\Extracao\\CSBH01001C_0010020.Temp' -> 'C:\\Users\\luiz.carlos\\Desktop\\Estudo\\TCC\\Dados\\Extracao\\Temp/CSBH01001C_0010020.Temp'2021-04-16 14:15:36 O programa entrara em sleep por 3segundos
2021-04-16 14:15:39Erro - [WinError 183] Não é possível criar um arquivo já existente: 'C:\\Users\\luiz.carlos\\Desktop\\Estudo\\TCC\\Dados\\Extracao\\CSBH01001C_0010020.Temp' -> 'C:\\Users\\luiz.carlos\\Desktop\\Estudo\\TCC\\Dados\\Extracao\\Temp/CSBH01001C_0010020.Temp'2021-04-16 14:15:39 O programa entrara em sleep por 3segundos
2021-04-16 14:15:42Erro - [WinError 183] Não é possível criar um arquivo já existente: 'C:\\Users\\luiz.carlos\\Desktop\\Estudo\\TCC\\Dados\\Extracao\\CSBH01001C_0010020.Temp' -> 'C:\\Users\\luiz.carlos\\Desktop\\Estudo\\TCC\\Dados\\Extracao\\Temp/CSBH01001C_0010020.Temp'2021-04-16 14:15:42 O programa entrara em sleep por 3segundos
2021-04-16 14:15:45Erro - [WinError 183] Não é possível criar um arquivo já existente: 'C:\\Users\\luiz.carlos\\Desktop\\Estudo\\TCC\\Dados\\Extracao\\CSBH01001C_0010020.Temp' -> 'C:\\Users\\luiz.carlos\\Desktop\\Estudo\\TCC\\Dados\\Extracao\\Temp/CSBH01001C_0010020.Temp'2021-04-16 14:15:45 O programa entrara em sleep por 3segundos
2021-04-16 14:15:48Erro - [WinError 183] Não é possível criar um arquivo já existente: 'C:\\Users\\luiz.carlos\\Desktop\\Estudo\\TCC\\Dados\\Extracao\\CSBH01001C_0010020.Temp' -> 'C:\\Users\\luiz.carlos\\Desktop\\Estudo\\TCC\\Dados\\Extracao\\Temp/CSBH01001C_0010020.Temp'2021-04-16 14:15:48 O programa entrara em sleep por 3segundos
2021-04-16 14:15:51Erro - [WinError 183] Não é possível criar um arquivo já existente: 'C:\\Users\\luiz.carlos\\Desktop\\Estudo\\TCC\\Dados\\Extracao\\CSBH01001C_0010020.Temp' -> 'C:\\Users\\luiz.carlos\\Desktop\\Estudo\\TCC\\Dados\\Extracao\\Temp/CSBH01001C_0010020.Temp'2021-04-16 14:15:51 O programa entrara em sleep por 3segundos
2021-04-16 14:15:54Erro - [WinError 183] Não é possível criar um arquivo já existente: 'C:\\Users\\luiz.carlos\\Desktop\\Estudo\\TCC\\Dados\\Extracao\\CSBH01001C_0010020.Temp' -> 'C:\\Users\\luiz.carlos\\Desktop\\Estudo\\TCC\\Dados\\Extracao\\Temp/CSBH01001C_0010020.Temp'2021-04-16 14:15:54 O programa entrara em sleep por 3segundos
2021-04-16 14:15:57Erro - [WinError 183] Não é possível criar um arquivo já existente: 'C:\\Users\\luiz.carlos\\Desktop\\Estudo\\TCC\\Dados\\Extracao\\CSBH01001C_0010020.Temp' -> 'C:\\Users\\luiz.carlos\\Desktop\\Estudo\\TCC\\Dados\\Extracao\\Temp/CSBH01001C_0010020.Temp'2021-04-16 14:15:57 O programa entrara em sleep por 3segundos
2021-04-16 14:16:00Erro - [WinError 183] Não é possível criar um arquivo já existente: 'C:\\Users\\luiz.carlos\\Desktop\\Estudo\\TCC\\Dados\\Extracao\\CSBH01001C_0010020.Temp' -> 'C:\\Users\\luiz.carlos\\Desktop\\Estudo\\TCC\\Dados\\Extracao\\Temp/CSBH01001C_0010020.Temp'2021-04-16 14:16:00 O programa entrara em sleep por 3segundos
2021-04-16 14:16:03Erro - [WinError 183] Não é possível criar um arquivo já existente: 'C:\\Users\\luiz.carlos\\Desktop\\Estudo\\TCC\\Dados\\Extracao\\CSBH01001C_0010020.Temp' -> 'C:\\Users\\luiz.carlos\\Desktop\\Estudo\\TCC\\Dados\\Extracao\\Temp/CSBH01001C_0010020.Temp'2021-04-16 14:16:03 O programa entrara em sleep por 3segundos
2021-04-16 14:16:06Erro - [WinError 183] Não é possível criar um arquivo já existente: 'C:\\Users\\luiz.carlos\\Desktop\\Estudo\\TCC\\Dados\\Extracao\\CSBH01001C_0010020.Temp' -> 'C:\\Users\\luiz.carlos\\Desktop\\Estudo\\TCC\\Dados\\Extracao\\Temp/CSBH01001C_0010020.Temp'2021-04-16 14:16:06 O programa entrara em sleep por 3segundos
2021-04-16 14:16:09Erro - [WinError 183] Não é possível criar um arquivo já existente: 'C:\\Users\\luiz.carlos\\Desktop\\Estudo\\TCC\\Dados\\Extracao\\CSBH01001C_0010020.Temp' -> 'C:\\Users\\luiz.carlos\\Desktop\\Estudo\\TCC\\Dados\\Extracao\\Temp/CSBH01001C_0010020.Temp'2021-04-16 14:16:09 O programa entrara em sleep por 3segundos
2021-04-16 14:16:12Erro - [WinError 183] Não é possível criar um arquivo já existente: 'C:\\Users\\luiz.carlos\\Desktop\\Estudo\\TCC\\Dados\\Extracao\\CSBH01001C_0010020.Temp' -> 'C:\\Users\\luiz.carlos\\Desktop\\Estudo\\TCC\\Dados\\Extracao\\Temp/CSBH01001C_0010020.Temp'2021-04-16 14:16:12 O programa entrara em sleep por 3segundos
2021-04-16 14:16:15Erro - [WinError 183] Não é possível criar um arquivo já existente: 'C:\\Users\\luiz.carlos\\Desktop\\Estudo\\TCC\\Dados\\Extracao\\CSBH01001C_0010020.Temp' -> 'C:\\Users\\luiz.carlos\\Desktop\\Estudo\\TCC\\Dados\\Extracao\\Temp/CSBH01001C_0010020.Temp'2021-04-16 14:16:15 O programa entrara em sleep por 3segundos
2021-04-16 14:16:18Erro - [WinError 183] Não é possível criar um arquivo já existente: 'C:\\Users\\luiz.carlos\\Desktop\\Estudo\\TCC\\Dados\\Extracao\\CSBH01001C_0010020.Temp' -> 'C:\\Users\\luiz.carlos\\Desktop\\Estudo\\TCC\\Dados\\Extracao\\Temp/CSBH01001C_0010020.Temp'2021-04-16 14:16:18 O programa entrara em sleep por 3segundos
2021-04-16 14:16:21Erro - [WinError 183] Não é possível criar um arquivo já existente: 'C:\\Users\\luiz.carlos\\Desktop\\Estudo\\TCC\\Dados\\Extracao\\CSBH01001C_0010020.Temp' -> 'C:\\Users\\luiz.carlos\\Desktop\\Estudo\\TCC\\Dados\\Extracao\\Temp/CSBH01001C_0010020.Temp'2021-04-16 14:16:21 O programa entrara em sleep por 3segundos
2021-04-16 14:16:24Erro - [WinError 183] Não é possível criar um arquivo já existente: 'C:\\Users\\luiz.carlos\\Desktop\\Estudo\\TCC\\Dados\\Extracao\\CSBH01001C_0010020.Temp' -> 'C:\\Users\\luiz.carlos\\Desktop\\Estudo\\TCC\\Dados\\Extracao\\Temp/CSBH01001C_0010020.Temp'2021-04-16 14:16:24 O programa entrara em sleep por 3segundos
2021-04-16 14:16:27Erro - [WinError 183] Não é possível criar um arquivo já existente: 'C:\\Users\\luiz.carlos\\Desktop\\Estudo\\TCC\\Dados\\Extracao\\CSBH01001C_0010020.Temp' -> 'C:\\Users\\luiz.carlos\\Desktop\\Estudo\\TCC\\Dados\\Extracao\\Temp/CSBH01001C_0010020.Temp'2021-04-16 14:16:27 O programa entrara em sleep por 3segundos
2021-04-16 14:16:30Erro - [WinError 183] Não é possível criar um arquivo já existente: 'C:\\Users\\luiz.carlos\\Desktop\\Estudo\\TCC\\Dados\\Extracao\\CSBH01001C_0010020.Temp' -> 'C:\\Users\\luiz.carlos\\Desktop\\Estudo\\TCC\\Dados\\Extracao\\Temp/CSBH01001C_0010020.Temp'2021-04-16 14:16:30 O programa entrara em sleep por 3segundos
